Building DAG of jobs...
Using shell: /usr/bin/bash
Provided cores: 16
Rules claiming more threads will be scaled down.
Job stats:
job                        count
-----------------------  -------
all                            1
setup_calculate_pwm            2
setup_download_profiles        2
total                          5

Select jobs to execute...

[Fri Dec 22 11:40:54 2023]
Job 4: 
        Downloads JASPAR matrix profile for all TFs in targets.
        
Reason: Missing output files: resources/data/jaspar/MA0139.1/MA0139.1.jaspar


[Fri Dec 22 11:40:56 2023]
Job 6: 
        Downloads JASPAR matrix profile for all TFs in targets.
        
Reason: Missing output files: resources/data/jaspar/MA0007.3/MA0007.3.jaspar

[Fri Dec 22 11:40:59 2023]
Finished job 6.
1 of 5 steps (20%) done
Select jobs to execute...

[Fri Dec 22 11:40:59 2023]
rule setup_calculate_pwm:
    input: resources/data/jaspar/MA0007.3/MA0007.3.jaspar
    output: results/snp-selex/pwms/MA0007.3/MA0007.3-pwm.txt
    jobid: 5
    reason: Missing output files: results/snp-selex/pwms/MA0007.3/MA0007.3-pwm.txt; Input files updated by another job: resources/data/jaspar/MA0007.3/MA0007.3.jaspar; Set of input files has changed since last execution
    wildcards: PROFILE=MA0007.3/MA0007.3
    resources: tmpdir=/tmp

Activating conda environment: tfbs-activity
Activating conda environment: tfbs-activity
[Fri Dec 22 11:41:00 2023]
Error in rule setup_calculate_pwm:
    jobid: 5
    input: resources/data/jaspar/MA0007.3/MA0007.3.jaspar
    output: results/snp-selex/pwms/MA0007.3/MA0007.3-pwm.txt
    conda-env: tfbs-activity

RuleException:
CalledProcessError in file /panfs/accrepfs.vampire/data/ruderferlab/projects/biovu/cnv/cre/CTCF-Variant-Annotation/snakemake/workflows/common/snp-selex/workflow/rules/setup.smk, line 88:
Command 'source /panfs/accrepfs.vampire/home/tubbsca/miniforge-pypy3/bin/activate 'tfbs-activity'; set -euo pipefail;  python /panfs/accrepfs.vampire/data/ruderferlab/projects/biovu/cnv/cre/CTCF-Variant-Annotation/snakemake/workflows/common/snp-selex/.snakemake/scripts/tmprqant8rz.pwm.py' returned non-zero exit status 1.
  File "/panfs/accrepfs.vampire/data/ruderferlab/projects/biovu/cnv/cre/CTCF-Variant-Annotation/snakemake/workflows/common/snp-selex/workflow/rules/setup.smk", line 88, in __rule_calculate_pwm
  File "/accre/arch/easybuild/software/BinDist/Anaconda3/2022.05/lib/python3.9/concurrent/futures/thread.py", line 58, in run
[Fri Dec 22 11:41:00 2023]
Finished job 4.
2 of 5 steps (40%) done
Shutting down, this might take some time.
Exiting because a job execution failed. Look above for error message
Complete log: .snakemake/log/2023-12-22T114050.673537.snakemake.log
