Building DAG of jobs...
Using shell: /usr/bin/bash
Provided cores: 16
Rules claiming more threads will be scaled down.
Job stats:
job                    count
-------------------  -------
all                        1
setup_calculate_pwm        2
total                      3

Select jobs to execute...

[Fri Dec 22 11:40:27 2023]
rule setup_calculate_pwm:
    input: resources/data/jaspar/MA0139.1.jaspar
    output: results/snp-selex/pwms/MA0139.1/MA0139.1-pwm.txt
    jobid: 3
    reason: Missing output files: results/snp-selex/pwms/MA0139.1/MA0139.1-pwm.txt
    wildcards: PROFILE=MA0139.1
    resources: tmpdir=/tmp

[Fri Dec 22 11:40:28 2023]
rule setup_calculate_pwm:
    input: resources/data/jaspar/MA0007.3.jaspar
    output: results/snp-selex/pwms/MA0007.3/MA0007.3-pwm.txt
    jobid: 5
    reason: Missing output files: results/snp-selex/pwms/MA0007.3/MA0007.3-pwm.txt
    wildcards: PROFILE=MA0007.3
    resources: tmpdir=/tmp

Activating conda environment: tfbs-activity
Activating conda environment: tfbs-activity
Activating conda environment: tfbs-activity
Activating conda environment: tfbs-activity
[Fri Dec 22 11:40:33 2023]
Finished job 3.
1 of 3 steps (33%) done
[Fri Dec 22 11:40:33 2023]
Finished job 5.
2 of 3 steps (67%) done
Select jobs to execute...

[Fri Dec 22 11:40:33 2023]
localrule all:
    input: resources/data/snp-selex/batch_1.tsv, resources/data/snp-selex/batch_2.tsv, resources/software/PWMScan/matrix_prob, resources/software/PWMScan/matrix_scan, results/snp-selex/pwms/MA0139.1/MA0139.1-pwm.txt, results/snp-selex/pwms/MA0007.3/MA0007.3-pwm.txt
    jobid: 0
    reason: Input files updated by another job: results/snp-selex/pwms/MA0139.1/MA0139.1-pwm.txt, results/snp-selex/pwms/MA0007.3/MA0007.3-pwm.txt
    resources: tmpdir=/tmp

[Fri Dec 22 11:40:33 2023]
Finished job 0.
3 of 3 steps (100%) done
Complete log: .snakemake/log/2023-12-22T114026.005497.snakemake.log
