Building DAG of jobs...
Your conda installation is not configured to use strict channel priorities. This is however crucial for having robust and correct environments (for details, see https://conda-forge.org/docs/user/tipsandtricks.html). Please consider to configure strict priorities by executing 'conda config --set channel_priority strict'.
Using shell: /usr/bin/bash
Provided cores: 16
Rules claiming more threads will be scaled down.
Job stats:
job                       count
----------------------  -------
all                           1
selex_make_oligo_fasta        2
total                         3

Select jobs to execute...

[Fri Dec 22 12:15:50 2023]
rule selex_make_oligo_fasta:
    input: results/snp-selex/add_oligo_bounds_2.tsv, resources/data/genome/hg19/hg19.fa.gz
    output: results/snp-selex/make_oligo_fasta_2.fa
    jobid: 16
    reason: Missing output files: results/snp-selex/make_oligo_fasta_2.fa
    wildcards: batch=2
    resources: tmpdir=/tmp


[Fri Dec 22 12:15:50 2023]
rule selex_make_oligo_fasta:
    input: results/snp-selex/add_oligo_bounds_1.tsv, resources/data/genome/hg19/hg19.fa.gz
    output: results/snp-selex/make_oligo_fasta_1.fa
    jobid: 9
    reason: Missing output files: results/snp-selex/make_oligo_fasta_1.fa
    wildcards: batch=1
    resources: tmpdir=/tmp

[Fri Dec 22 12:15:51 2023]
Finished job 16.
1 of 3 steps (33%) done
Removing temporary output results/snp-selex/add_oligo_bounds_2.tsv.
[Fri Dec 22 12:15:51 2023]
Finished job 9.
2 of 3 steps (67%) done
Removing temporary output results/snp-selex/add_oligo_bounds_1.tsv.
Select jobs to execute...

[Fri Dec 22 12:15:51 2023]
localrule all:
    input: results/snp-selex/targets.sorted.txt, resources/data/snp-selex/GSE118725_pbs.obs_pval05.tsv, resources/data/snp-selex/GSE118725_pbs.novel_batch.tsv, resources/software/PWMScan/matrix_prob, resources/software/PWMScan/matrix_scan, results/snp-selex/pwms/MA0139.1-pwm.txt, results/snp-selex/pwms/MA0007.3-pwm.txt, results/snp-selex/make_oligo_fasta_1.fa, results/snp-selex/make_oligo_fasta_2.fa
    jobid: 0
    reason: Input files updated by another job: results/snp-selex/make_oligo_fasta_1.fa, results/snp-selex/make_oligo_fasta_2.fa
    resources: tmpdir=/tmp

[Fri Dec 22 12:15:51 2023]
Finished job 0.
3 of 3 steps (100%) done
Complete log: .snakemake/log/2023-12-22T121542.578503.snakemake.log
