Building DAG of jobs...
Using shell: /usr/bin/bash
Provided cores: 16
Rules claiming more threads will be scaled down.
Job stats:
job                    count
-------------------  -------
all                        1
setup_setup_targets        1
setup_sort_targets         1
total                      3

Select jobs to execute...

[Fri Dec 22 12:03:48 2023]
rule setup_setup_targets:
    output: results/snp-selex/targets.txt
    jobid: 2
    reason: Missing output files: results/snp-selex/targets.txt
    resources: tmpdir=/tmp

[Fri Dec 22 12:03:52 2023]
Finished job 2.
1 of 3 steps (33%) done
Select jobs to execute...

[Fri Dec 22 12:03:52 2023]
rule setup_sort_targets:
    input: results/snp-selex/targets.txt
    output: results/snp-selex/targets.sorted.txt
    jobid: 1
    reason: Missing output files: results/snp-selex/targets.sorted.txt; Input files updated by another job: results/snp-selex/targets.txt
    resources: tmpdir=/tmp

[Fri Dec 22 12:03:52 2023]
Finished job 1.
2 of 3 steps (67%) done
Removing temporary output results/snp-selex/targets.txt.
Select jobs to execute...

[Fri Dec 22 12:03:52 2023]
localrule all:
    input: results/snp-selex/targets.sorted.txt, resources/data/snp-selex/GSE118725_pbs.obs_pval05.tsv, resources/data/snp-selex/GSE118725_pbs.novel_batch.tsv, resources/software/PWMScan/matrix_prob, resources/software/PWMScan/matrix_scan, results/snp-selex/pwms/MA0139.1-pwm.txt, results/snp-selex/pwms/MA0007.3-pwm.txt
    jobid: 0
    reason: Input files updated by another job: results/snp-selex/targets.sorted.txt
    resources: tmpdir=/tmp

[Fri Dec 22 12:03:52 2023]
Finished job 0.
3 of 3 steps (100%) done
Complete log: .snakemake/log/2023-12-22T120344.606706.snakemake.log
