Building DAG of jobs...
Your conda installation is not configured to use strict channel priorities. This is however crucial for having robust and correct environments (for details, see https://conda-forge.org/docs/user/tipsandtricks.html). Please consider to configure strict priorities by executing 'conda config --set channel_priority strict'.
Using shell: /usr/bin/bash
Provided cores: 16
Rules claiming more threads will be scaled down.
Job stats:
job                            count
---------------------------  -------
all                                1
genome_install_genome              1
selex_add_oligo_bounds             2
selex_add_profile_info             2
selex_add_ref_sequence             2
selex_filter_long_motifs           2
selex_format_novel_batch           1
selex_format_original_batch        1
selex_sort_batch                   2
targets_make_targets               1
total                             15

Select jobs to execute...

[Fri Dec 22 08:57:10 2023]
rule targets_make_targets:
    output: results/snp-selex/target_list.txt
    jobid: 10
    reason: Missing output files: results/snp-selex/target_list.txt
    resources: tmpdir=/tmp


[Fri Dec 22 08:57:10 2023]
Job 17: 
        Columns will be: tf, snp, oligo_auc, oligo_pval, pbs, pval, batch
        Notes:
        - tail removes header
        - tr replaces :
        - vawk first split grabs TF from oligo ID
        - vawk gsub replace - in column 2
        - last vawk split formats oligo coords into vid to match novel batch format 
        
Reason: Missing output files: results/snp-selex/format_original_batch.tsv

Activating conda environment: tfbs-activity

[Fri Dec 22 08:57:10 2023]
Job 6: 
        Columns will be: tf, snp, oligo_auc, oligo_pval, pbs, pval, batch
        Notes:
        - tail removes header
        - vawk prints entire line, adds "novel" batch flag
        
Reason: Missing output files: results/snp-selex/format_novel_batch.tsv

Activating conda environment: tfbs-activity
[Fri Dec 22 08:57:10 2023]
Finished job 10.
1 of 15 steps (7%) done
Select jobs to execute...
[Fri Dec 22 08:57:13 2023]
Finished job 6.
2 of 15 steps (13%) done

[Fri Dec 22 08:57:13 2023]
Job 5: 
        Alphabetical sort on TF common name, necessary for merging laters.
        Note: tr is to ensure proper tab delimited. 
        Sort param -k 1b,1 is from recommendation from join people
        
Reason: Missing output files: results/snp-selex/sorted_novel_batch.tsv; Input files updated by another job: results/snp-selex/format_novel_batch.tsv

[Fri Dec 22 08:57:19 2023]
Finished job 5.
3 of 15 steps (20%) done
Select jobs to execute...

[Fri Dec 22 08:57:19 2023]
Job 4: 
        columns will be: tf, snp, oligo_auc, oligo_pval, pbs, pval, batch, profile, length_bp
        note inner merge;  to left merge add -a1 -e "." flag for join
        tr is to convert output to tab delim
        
Reason: Missing output files: results/snp-selex/add_profile_info_novel.tsv; Input files updated by another job: results/snp-selex/target_list.txt, results/snp-selex/sorted_novel_batch.tsv

[Fri Dec 22 08:57:20 2023]
Finished job 17.
4 of 15 steps (27%) done
Select jobs to execute...

[Fri Dec 22 08:57:20 2023]
Job 16: 
        Alphabetical sort on TF common name, necessary for merging laters.
        Note: tr is to ensure proper tab delimited. 
        Sort param -k 1b,1 is from recommendation from join people
        
Reason: Missing output files: results/snp-selex/sorted_original_batch.tsv; Input files updated by another job: results/snp-selex/format_original_batch.tsv

[Fri Dec 22 08:57:21 2023]
Finished job 4.
5 of 15 steps (33%) done
Select jobs to execute...

[Fri Dec 22 08:57:21 2023]
Job 3: 
        removes motifs that have PWM > 20
        
Reason: Missing output files: results/snp-selex/filter_long_motifs_novel.tsv; Input files updated by another job: results/snp-selex/add_profile_info_novel.tsv

Activating conda environment: tfbs-activity
[Fri Dec 22 08:57:22 2023]
Finished job 3.
6 of 15 steps (40%) done
Select jobs to execute...

[Fri Dec 22 08:57:22 2023]
Job 2: 
        columns will be: tf, snp, oligo_auc, oligo_pval, pbs, pval, batch, profile, length_bp, oligo_chrm, oligo_lbound, oligo_rbound
        
Reason: Missing output files: results/snp-selex/add_oligo_bounds_novel.tsv; Input files updated by another job: results/snp-selex/filter_long_motifs_novel.tsv

Activating conda environment: tfbs-activity
[Fri Dec 22 08:57:22 2023]
Finished job 2.
7 of 15 steps (47%) done
Select jobs to execute...
[Fri Dec 22 08:57:27 2023]
Finished job 16.
8 of 15 steps (53%) done

[Fri Dec 22 08:57:27 2023]
Job 15: 
        columns will be: tf, snp, oligo_auc, oligo_pval, pbs, pval, batch, profile, length_bp
        note inner merge;  to left merge add -a1 -e "." flag for join
        tr is to convert output to tab delim
        
Reason: Missing output files: results/snp-selex/add_profile_info_original.tsv; Input files updated by another job: results/snp-selex/sorted_original_batch.tsv, results/snp-selex/target_list.txt

[Fri Dec 22 08:57:30 2023]
Finished job 15.
9 of 15 steps (60%) done
Select jobs to execute...

[Fri Dec 22 08:57:30 2023]
Job 14: 
        removes motifs that have PWM > 20
        
Reason: Missing output files: results/snp-selex/filter_long_motifs_original.tsv; Input files updated by another job: results/snp-selex/add_profile_info_original.tsv

Activating conda environment: tfbs-activity
[Fri Dec 22 08:57:31 2023]
Finished job 14.
10 of 15 steps (67%) done
Select jobs to execute...

[Fri Dec 22 08:57:31 2023]
Job 13: 
        columns will be: tf, snp, oligo_auc, oligo_pval, pbs, pval, batch, profile, length_bp, oligo_chrm, oligo_lbound, oligo_rbound
        
Reason: Missing output files: results/snp-selex/add_oligo_bounds_original.tsv; Input files updated by another job: results/snp-selex/filter_long_motifs_original.tsv

Activating conda environment: tfbs-activity
[Fri Dec 22 08:57:31 2023]
Finished job 13.
11 of 15 steps (73%) done
Select jobs to execute...

[Fri Dec 22 08:57:31 2023]
Job 11: 
        Installs target genome(s) under install dir
        - Regex to filter down to main chromosomes
        - Default provider set to UCSC
        
Reason: Missing output files: resources/data/genome/hg19/hg19.fa.gz

Activating conda environment: ../../../../../../../../../../../../../home/tubbsca/snakemake_condas/ada2ba84c8bd6f04984fd5f5fda51637_
[Fri Dec 22 09:11:54 2023]
Finished job 11.
12 of 15 steps (80%) done
Select jobs to execute...

[Fri Dec 22 09:11:54 2023]
Job 12: 
        columns will be: tf, snp, oligo_auc, oligo_pval, pbs, pval, batch, profile, length_bp, oligo_chrm,oligo_lbound, oligo_rbound, refseq
        
Reason: Missing output files: results/snp-selex/add_ref_sequence_original.tsv; Input files updated by another job: resources/data/genome/hg19/hg19.fa.gz, results/snp-selex/add_oligo_bounds_original.tsv; Set of input files has changed since last execution

Activating conda environment: tfbs-activity

[Fri Dec 22 09:11:54 2023]
Job 1: 
        columns will be: tf, snp, oligo_auc, oligo_pval, pbs, pval, batch, profile, length_bp, oligo_chrm,oligo_lbound, oligo_rbound, refseq
        
Reason: Missing output files: results/snp-selex/add_ref_sequence_novel.tsv; Input files updated by another job: results/snp-selex/add_oligo_bounds_novel.tsv, resources/data/genome/hg19/hg19.fa.gz; Set of input files has changed since last execution

Activating conda environment: tfbs-activity
[Fri Dec 22 09:12:17 2023]
Finished job 1.
13 of 15 steps (87%) done
[Fri Dec 22 09:12:17 2023]
Finished job 12.
14 of 15 steps (93%) done
Select jobs to execute...

[Fri Dec 22 09:12:17 2023]
localrule all:
    input: results/snp-selex/add_ref_sequence_novel.tsv, results/snp-selex/add_ref_sequence_original.tsv
    jobid: 0
    reason: Input files updated by another job: results/snp-selex/add_ref_sequence_novel.tsv, results/snp-selex/add_ref_sequence_original.tsv
    resources: tmpdir=/tmp

[Fri Dec 22 09:12:17 2023]
Finished job 0.
15 of 15 steps (100%) done
Complete log: .snakemake/log/2023-12-22T085702.736507.snakemake.log
