Building DAG of jobs...
Using shell: /usr/bin/bash
Provided cores: 4
Rules claiming more threads will be scaled down.
Conda environments: ignored
Job stats:
job                              count
-----------------------------  -------
all                                  1
genome_install_genome                1
selex_add_oligo_bounds               2
selex_add_profile_info               2
selex_add_ref_sequence               2
selex_download_novel_batch           1
selex_download_original_batch        1
selex_filter_long_motifs             2
selex_format_novel_batch             1
selex_format_original_batch          1
selex_unzip_downloads                1
targets_make_targets                 1
total                               16

Select jobs to execute...

[Thu Dec 21 14:07:27 2023]
rule selex_download_novel_batch:
    output: resources/data/snp-selex/GSE118725_pbs.novel_batch.tsv.gz
    jobid: 8
    reason: Missing output files: resources/data/snp-selex/GSE118725_pbs.novel_batch.tsv.gz
    resources: tmpdir=/tmp


[Thu Dec 21 14:07:27 2023]
rule targets_make_targets:
    output: results/snp-selex/target_list.txt
    jobid: 9
    reason: Missing output files: results/snp-selex/target_list.txt
    resources: tmpdir=/tmp


[Thu Dec 21 14:07:27 2023]
rule selex_download_original_batch:
    output: resources/data/snp-selex/GSE118725_pbs.obs_pval05.tsv.gz
    jobid: 7
    reason: Missing output files: resources/data/snp-selex/GSE118725_pbs.obs_pval05.tsv.gz
    resources: tmpdir=/tmp

[Thu Dec 21 14:07:27 2023]
Finished job 9.
1 of 16 steps (6%) done
Select jobs to execute...
[Thu Dec 21 14:07:30 2023]
Finished job 8.
2 of 16 steps (12%) done
[Thu Dec 21 14:07:30 2023]
Finished job 7.
3 of 16 steps (19%) done

[Thu Dec 21 14:07:30 2023]
rule selex_unzip_downloads:
    input: resources/data/snp-selex/GSE118725_pbs.obs_pval05.tsv.gz, resources/data/snp-selex/GSE118725_pbs.novel_batch.tsv.gz
    output: resources/data/snp-selex/GSE118725_pbs.obs_pval05.tsv, resources/data/snp-selex/GSE118725_pbs.novel_batch.tsv
    jobid: 6
    reason: Missing output files: resources/data/snp-selex/GSE118725_pbs.novel_batch.tsv, resources/data/snp-selex/GSE118725_pbs.obs_pval05.tsv; Input files updated by another job: resources/data/snp-selex/GSE118725_pbs.obs_pval05.tsv.gz, resources/data/snp-selex/GSE118725_pbs.novel_batch.tsv.gz
    resources: tmpdir=/tmp

[Thu Dec 21 14:07:33 2023]
Finished job 6.
4 of 16 steps (25%) done
Select jobs to execute...

[Thu Dec 21 14:07:33 2023]
Job 5: 
        columns will be: tf, snp, oligo_auc, oligo_pval, pbs, pval, batch
        
Reason: Missing output files: results/snp-selex/format_novel_batch.tsv; Input files updated by another job: resources/data/snp-selex/GSE118725_pbs.novel_batch.tsv


[Thu Dec 21 14:07:33 2023]
Job 15: 
        columns will be: tf, snp, oligo_auc, oligo_pval, pbs, pval, batch
        
Reason: Missing output files: results/snp-selex/format_original_batch.tsv; Input files updated by another job: resources/data/snp-selex/GSE118725_pbs.obs_pval05.tsv

[Thu Dec 21 14:07:34 2023]
Finished job 5.
5 of 16 steps (31%) done
Select jobs to execute...

[Thu Dec 21 14:07:34 2023]
Job 4: 
        columns will be: tf, snp, oligo_auc, oligo_pval, pbs, pval, batch, profile, length_bp
        note inner merge
        
Reason: Missing output files: results/snp-selex/add_profile_info_novel.tsv; Input files updated by another job: results/snp-selex/target_list.txt, results/snp-selex/format_novel_batch.tsv

[Thu Dec 21 14:07:39 2023]
Error in rule selex_add_profile_info:
    jobid: 4
    input: results/snp-selex/format_novel_batch.tsv, results/snp-selex/target_list.txt
    output: results/snp-selex/add_profile_info_novel.tsv
    shell:
        
        join -t $"	" -e NULL         -o 1.1,1.2,1.3,1.4,1.5,1.6,1.7,2.2,2.3         <(sort -k1 -t $'	' results/snp-selex/format_novel_batch.tsv) <(sort -k1 -t $'	' results/snp-selex/target_list.txt) > results/snp-selex/add_profile_info_novel.tsv
        
        (one of the commands exited with non-zero exit code; note that snakemake uses bash strict mode!)

Removing output files of failed job selex_add_profile_info since they might be corrupted:
results/snp-selex/add_profile_info_novel.tsv
[Thu Dec 21 14:07:40 2023]
Finished job 15.
6 of 16 steps (38%) done
Shutting down, this might take some time.
Exiting because a job execution failed. Look above for error message
Complete log: .snakemake/log/2023-12-21T140726.653297.snakemake.log
