Building DAG of jobs...
Using shell: /usr/bin/bash
Provided cores: 4
Rules claiming more threads will be scaled down.
Job stats:
job                   count
------------------  -------
all                       1
selex_sort_targets        1
total                     2

Select jobs to execute...

[Thu Dec 28 13:43:29 2023]
Job 1: 
        Sorts target list under JOIN specs.
        
Reason: Missing output files: results/snp-selex/targets.sorted.txt

[Thu Dec 28 13:43:32 2023]
Finished job 1.
1 of 2 steps (50%) done
Removing temporary output results/snp-selex/targets.txt.
Select jobs to execute...

[Thu Dec 28 13:43:32 2023]
localrule all:
    input: results/snp-selex/targets.sorted.txt
    jobid: 0
    reason: Input files updated by another job: results/snp-selex/targets.sorted.txt
    resources: tmpdir=/tmp

[Thu Dec 28 13:43:32 2023]
Finished job 0.
2 of 2 steps (100%) done
Complete log: .snakemake/log/2023-12-28T134326.474744.snakemake.log
