Building DAG of jobs...
Your conda installation is not configured to use strict channel priorities. This is however crucial for having robust and correct environments (for details, see https://conda-forge.org/docs/user/tipsandtricks.html). Please consider to configure strict priorities by executing 'conda config --set channel_priority strict'.
Using shell: /usr/bin/bash
Provided cores: 4
Rules claiming more threads will be scaled down.
Job stats:
job                            count
---------------------------  -------
all                                1
selex_add_oligo_bounds             2
selex_add_profile_info             2
selex_add_ref_sequence             2
selex_filter_long_motifs           2
selex_format_novel_batch           1
selex_format_original_batch        1
total                             11

Select jobs to execute...

[Thu Dec 21 21:02:41 2023]
Job 5: 
        columns will be: tf, snp, oligo_auc, oligo_pval, pbs, pval, batch
        
Reason: Missing output files: results/snp-selex/format_novel_batch.tsv

Activating conda environment: tfbs-activity

[Thu Dec 21 21:02:41 2023]
Job 15: 
        columns will be: tf, snp, oligo_auc, oligo_pval, pbs, pval, batch
        
Reason: Missing output files: results/snp-selex/format_original_batch.tsv

Activating conda environment: tfbs-activity
[Thu Dec 21 21:02:42 2023]
Error in rule selex_format_novel_batch:
    jobid: 5
    input: resources/data/snp-selex/GSE118725_pbs.novel_batch.tsv
    output: results/snp-selex/format_novel_batch.tsv
    conda-env: tfbs-activity
    shell:
        
        tail -n +2 resources/data/snp-selex/GSE118725_pbs.novel_batch.tsv |
        vawk {print $0, "novel"}' > results/snp-selex/format_novel_batch.tsv
        
        (one of the commands exited with non-zero exit code; note that snakemake uses bash strict mode!)

[Thu Dec 21 21:02:42 2023]
Error in rule selex_format_original_batch:
    jobid: 15
    input: resources/data/snp-selex/GSE118725_pbs.obs_pval05.tsv
    output: results/snp-selex/format_original_batch.tsv
    conda-env: tfbs-activity
    shell:
        
        tail -n +2 resources/data/snp-selex/GSE118725_pbs.obs_pval05.tsv |
        vawk '{split($1, id, ".") print id[1], $2, $3, $4, $9, $10, $5, $6}' |
        vawk '{gsub(/\:/, "_", $2) print $0}' |
        vawk '{gsub(/\-/, "_", $2) print $0}' |
        vawk '{split($2, oligo, "_") print $1, oligo[1]"_"oligo[2]+20"_"$7"_"$8, $3, $4, $5, $6, "original"}' > results/snp-selex/format_original_batch.tsv
        
        (one of the commands exited with non-zero exit code; note that snakemake uses bash strict mode!)

Removing output files of failed job selex_format_original_batch since they might be corrupted:
results/snp-selex/format_original_batch.tsv
Shutting down, this might take some time.
Exiting because a job execution failed. Look above for error message
Complete log: .snakemake/log/2023-12-21T210237.237936.snakemake.log
