Building DAG of jobs...
Your conda installation is not configured to use strict channel priorities. This is however crucial for having robust and correct environments (for details, see https://conda-forge.org/docs/user/tipsandtricks.html). Please consider to configure strict priorities by executing 'conda config --set channel_priority strict'.
Using shell: /usr/bin/bash
Provided cores: 4
Rules claiming more threads will be scaled down.
Job stats:
job                         count
------------------------  -------
all                             1
selex_add_oligo_bounds          2
selex_add_profile_info          2
selex_echo_targets              1
selex_filter_long_motifs        2
selex_format_batch_1            1
selex_format_batch_2            1
selex_sort_batch                2
selex_sort_targets              1
total                          13

Select jobs to execute...

[Thu Dec 28 13:50:09 2023]
Job 13: 
        Columns will be: tf, snp, oligo_auc, oligo_pval, pbs, pval, batch
        Notes:
        - tail removes header
        - vawk prints entire line, adds "novel" batch flag
        
Reason: Missing output files: results/snp-selex/format_batch_2.tsv

Activating conda environment: ../../../../../../../../../../../../../home/tubbsca/snakemake_condas/fa29829cc4ed0faaad6ff556e4612391_

[Thu Dec 28 13:50:09 2023]
Job 7: 
        Columns will be: tf, snp, oligo_auc, oligo_pval, pbs, pval, batch
        Notes:
        - tail removes header
        - tr replaces :
        - vawk first split grabs TF from oligo ID
        - vawk gsub replace - in column 2
        - last vawk split formats oligo coords into vid to match novel batch format 
        
Reason: Missing output files: results/snp-selex/format_batch_1.tsv

Activating conda environment: ../../../../../../../../../../../../../home/tubbsca/snakemake_condas/fa29829cc4ed0faaad6ff556e4612391_

[Thu Dec 28 13:50:09 2023]
Job 2: 
        Saves target list as tab delimited file
        
Reason: Missing output files: results/snp-selex/targets.txt

[Thu Dec 28 13:50:12 2023]
Finished job 2.
1 of 13 steps (8%) done
Select jobs to execute...

[Thu Dec 28 13:50:12 2023]
Job 1: 
        Sorts target list under JOIN specs.
        
Reason: Input files updated by another job: results/snp-selex/targets.txt

[Thu Dec 28 13:50:12 2023]
Finished job 1.
2 of 13 steps (15%) done
[Thu Dec 28 13:50:15 2023]
Finished job 13.
3 of 13 steps (23%) done
Select jobs to execute...

[Thu Dec 28 13:50:15 2023]
Job 12: 
        Alphabetical sort on TF common name, necessary for merging laters.
        Note: tr is to ensure proper tab delimited. 
        Sort param -k 1b,1 is from recommendation from join people
        
Reason: Missing output files: results/snp-selex/sorted_batch_2.tsv; Input files updated by another job: results/snp-selex/format_batch_2.tsv

[Thu Dec 28 13:50:27 2023]
Finished job 12.
4 of 13 steps (31%) done
Select jobs to execute...

[Thu Dec 28 13:50:27 2023]
Job 11: 
        columns will be: tf, snp, oligo_auc, oligo_pval, pbs, pval, batch, profile, length_bp
        note inner merge;  to left merge add -a1 -e "." flag for join
        tr is to convert output to tab delim
        
Reason: Missing output files: results/snp-selex/add_profile_info_2.tsv; Input files updated by another job: results/snp-selex/sorted_batch_2.tsv, results/snp-selex/targets.txt

[Thu Dec 28 13:50:31 2023]
Finished job 7.
5 of 13 steps (38%) done
Select jobs to execute...

[Thu Dec 28 13:50:31 2023]
Job 6: 
        Alphabetical sort on TF common name, necessary for merging laters.
        Note: tr is to ensure proper tab delimited. 
        Sort param -k 1b,1 is from recommendation from join people
        
Reason: Missing output files: results/snp-selex/sorted_batch_1.tsv; Input files updated by another job: results/snp-selex/format_batch_1.tsv

[Thu Dec 28 13:50:32 2023]
Finished job 11.
6 of 13 steps (46%) done
Select jobs to execute...

[Thu Dec 28 13:50:32 2023]
Job 10: 
        removes motifs that have PWM > 20
        
Reason: Missing output files: results/snp-selex/filter_long_motifs_2.tsv; Input files updated by another job: results/snp-selex/add_profile_info_2.tsv; Software environment definition has changed since last execution

Activating conda environment: ../../../../../../../../../../../../../home/tubbsca/snakemake_condas/fa29829cc4ed0faaad6ff556e4612391_
[Thu Dec 28 13:50:33 2023]
Finished job 10.
7 of 13 steps (54%) done
Select jobs to execute...

[Thu Dec 28 13:50:33 2023]
Job 9: 
        columns will be: tf, snp, oligo_auc, oligo_pval, pbs, pval, batch, profile, length_bp, oligo_chrm, oligo_lbound, oligo_rbound
        
Reason: Missing output files: results/snp-selex/add_oligo_bounds_2.tsv; Input files updated by another job: results/snp-selex/filter_long_motifs_2.tsv

Activating conda environment: ../../../../../../../../../../../../../home/tubbsca/snakemake_condas/fa29829cc4ed0faaad6ff556e4612391_
[Thu Dec 28 13:50:34 2023]
Finished job 9.
8 of 13 steps (62%) done
[Thu Dec 28 13:50:44 2023]
Finished job 6.
9 of 13 steps (69%) done
Select jobs to execute...

[Thu Dec 28 13:50:44 2023]
Job 5: 
        columns will be: tf, snp, oligo_auc, oligo_pval, pbs, pval, batch, profile, length_bp
        note inner merge;  to left merge add -a1 -e "." flag for join
        tr is to convert output to tab delim
        
Reason: Missing output files: results/snp-selex/add_profile_info_1.tsv; Input files updated by another job: results/snp-selex/sorted_batch_1.tsv, results/snp-selex/targets.txt

[Thu Dec 28 13:50:51 2023]
Finished job 5.
10 of 13 steps (77%) done
Select jobs to execute...

[Thu Dec 28 13:50:51 2023]
Job 4: 
        removes motifs that have PWM > 20
        
Reason: Missing output files: results/snp-selex/filter_long_motifs_1.tsv; Input files updated by another job: results/snp-selex/add_profile_info_1.tsv; Software environment definition has changed since last execution

Activating conda environment: ../../../../../../../../../../../../../home/tubbsca/snakemake_condas/fa29829cc4ed0faaad6ff556e4612391_
[Thu Dec 28 13:50:52 2023]
Finished job 4.
11 of 13 steps (85%) done
Select jobs to execute...

[Thu Dec 28 13:50:52 2023]
Job 3: 
        columns will be: tf, snp, oligo_auc, oligo_pval, pbs, pval, batch, profile, length_bp, oligo_chrm, oligo_lbound, oligo_rbound
        
Reason: Missing output files: results/snp-selex/add_oligo_bounds_1.tsv; Input files updated by another job: results/snp-selex/filter_long_motifs_1.tsv

Activating conda environment: ../../../../../../../../../../../../../home/tubbsca/snakemake_condas/fa29829cc4ed0faaad6ff556e4612391_
[Thu Dec 28 13:50:53 2023]
Finished job 3.
12 of 13 steps (92%) done
Select jobs to execute...

[Thu Dec 28 13:50:53 2023]
localrule all:
    input: results/snp-selex/targets.sorted.txt, results/snp-selex/add_oligo_bounds_1.tsv, results/snp-selex/add_oligo_bounds_2.tsv
    jobid: 0
    reason: Input files updated by another job: results/snp-selex/targets.sorted.txt, results/snp-selex/add_oligo_bounds_1.tsv, results/snp-selex/add_oligo_bounds_2.tsv
    resources: tmpdir=/tmp

[Thu Dec 28 13:50:53 2023]
Finished job 0.
13 of 13 steps (100%) done
Complete log: .snakemake/log/2023-12-28T134958.637870.snakemake.log
