Building DAG of jobs...
Your conda installation is not configured to use strict channel priorities. This is however crucial for having robust and correct environments (for details, see https://conda-forge.org/docs/user/tipsandtricks.html). Please consider to configure strict priorities by executing 'conda config --set channel_priority strict'.
Using shell: /usr/bin/bash
Provided cores: 16
Rules claiming more threads will be scaled down.
Job stats:
job                         count
------------------------  -------
all                             1
selex_add_oligo_bounds          2
selex_add_profile_info          2
selex_add_ref_sequence          2
selex_filter_long_motifs        2
selex_format_batch_1            1
selex_sort_batch                1
setup_setup_targets             1
setup_sort_targets              1
total                          13

Select jobs to execute...

[Fri Dec 22 12:07:22 2023]
rule setup_setup_targets:
    output: results/snp-selex/targets.txt
    jobid: 2
    reason: Missing output files: results/snp-selex/targets.txt
    resources: tmpdir=/tmp

[Fri Dec 22 12:07:22 2023]
Job 14: 
        Columns will be: tf, snp, oligo_auc, oligo_pval, pbs, pval, batch
        Notes:
        - tail removes header
        - tr replaces :
        - vawk first split grabs TF from oligo ID
        - vawk gsub replace - in column 2
        - last vawk split formats oligo coords into vid to match novel batch format 
        
Reason: Forced execution

Activating conda environment: tfbs-activity
[Fri Dec 22 12:07:24 2023]
Finished job 2.
1 of 13 steps (8%) done
Select jobs to execute...

[Fri Dec 22 12:07:24 2023]
Job 19: 
        columns will be: tf, snp, oligo_auc, oligo_pval, pbs, pval, batch, profile, length_bp
        note inner merge;  to left merge add -a1 -e "." flag for join
        tr is to convert output to tab delim
        
Reason: Missing output files: results/snp-selex/add_profile_info_2.tsv; Input files updated by another job: results/snp-selex/targets.txt


[Fri Dec 22 12:07:24 2023]
rule setup_sort_targets:
    input: results/snp-selex/targets.txt
    output: results/snp-selex/targets.sorted.txt
    jobid: 1
    reason: Input files updated by another job: results/snp-selex/targets.txt
    resources: tmpdir=/tmp

[Fri Dec 22 12:07:24 2023]
Finished job 1.
2 of 13 steps (15%) done
[Fri Dec 22 12:07:27 2023]
Finished job 19.
3 of 13 steps (23%) done
Removing temporary output results/snp-selex/sorted_batch_2.tsv.
Select jobs to execute...

[Fri Dec 22 12:07:27 2023]
Job 18: 
        removes motifs that have PWM > 20
        
Reason: Missing output files: results/snp-selex/filter_long_motifs_2.tsv; Input files updated by another job: results/snp-selex/add_profile_info_2.tsv

Activating conda environment: tfbs-activity
[Fri Dec 22 12:07:27 2023]
Finished job 18.
4 of 13 steps (31%) done
Select jobs to execute...

[Fri Dec 22 12:07:27 2023]
Job 17: 
        columns will be: tf, snp, oligo_auc, oligo_pval, pbs, pval, batch, profile, length_bp, oligo_chrm, oligo_lbound, oligo_rbound
        
Reason: Missing output files: results/snp-selex/add_oligo_bounds_2.tsv; Input files updated by another job: results/snp-selex/filter_long_motifs_2.tsv

Activating conda environment: tfbs-activity
[Fri Dec 22 12:07:27 2023]
Finished job 17.
5 of 13 steps (38%) done
Select jobs to execute...

[Fri Dec 22 12:07:27 2023]
Job 16: 
        columns will be: tf, snp, oligo_auc, oligo_pval, pbs, pval, batch, profile, length_bp, oligo_chrm,oligo_lbound, oligo_rbound, refseq
        
Reason: Missing output files: results/snp-selex/add_ref_sequence_2.tsv; Input files updated by another job: results/snp-selex/add_oligo_bounds_2.tsv

Activating conda environment: tfbs-activity
[Fri Dec 22 12:07:33 2023]
Finished job 14.
6 of 13 steps (46%) done
Select jobs to execute...

[Fri Dec 22 12:07:33 2023]
Job 13: 
        Alphabetical sort on TF common name, necessary for merging laters.
        Note: tr is to ensure proper tab delimited. 
        Sort param -k 1b,1 is from recommendation from join people
        
Reason: Missing output files: results/snp-selex/sorted_batch_1.tsv; Input files updated by another job: results/snp-selex/format_batch_1.tsv

[Fri Dec 22 12:07:34 2023]
Finished job 16.
7 of 13 steps (54%) done
[Fri Dec 22 12:07:40 2023]
Finished job 13.
8 of 13 steps (62%) done
Removing temporary output results/snp-selex/format_batch_1.tsv.
Select jobs to execute...

[Fri Dec 22 12:07:40 2023]
Job 12: 
        columns will be: tf, snp, oligo_auc, oligo_pval, pbs, pval, batch, profile, length_bp
        note inner merge;  to left merge add -a1 -e "." flag for join
        tr is to convert output to tab delim
        
Reason: Missing output files: results/snp-selex/add_profile_info_1.tsv; Input files updated by another job: results/snp-selex/targets.txt, results/snp-selex/sorted_batch_1.tsv

[Fri Dec 22 12:07:43 2023]
Finished job 12.
9 of 13 steps (69%) done
Removing temporary output results/snp-selex/sorted_batch_1.tsv.
Removing temporary output results/snp-selex/targets.txt.
Select jobs to execute...

[Fri Dec 22 12:07:43 2023]
Job 11: 
        removes motifs that have PWM > 20
        
Reason: Missing output files: results/snp-selex/filter_long_motifs_1.tsv; Input files updated by another job: results/snp-selex/add_profile_info_1.tsv

Activating conda environment: tfbs-activity
[Fri Dec 22 12:07:44 2023]
Finished job 11.
10 of 13 steps (77%) done
Select jobs to execute...

[Fri Dec 22 12:07:44 2023]
Job 10: 
        columns will be: tf, snp, oligo_auc, oligo_pval, pbs, pval, batch, profile, length_bp, oligo_chrm, oligo_lbound, oligo_rbound
        
Reason: Missing output files: results/snp-selex/add_oligo_bounds_1.tsv; Input files updated by another job: results/snp-selex/filter_long_motifs_1.tsv

Activating conda environment: tfbs-activity
[Fri Dec 22 12:07:44 2023]
Finished job 10.
11 of 13 steps (85%) done
Select jobs to execute...

[Fri Dec 22 12:07:44 2023]
Job 9: 
        columns will be: tf, snp, oligo_auc, oligo_pval, pbs, pval, batch, profile, length_bp, oligo_chrm,oligo_lbound, oligo_rbound, refseq
        
Reason: Missing output files: results/snp-selex/add_ref_sequence_1.tsv; Input files updated by another job: results/snp-selex/add_oligo_bounds_1.tsv

Activating conda environment: tfbs-activity
[Fri Dec 22 12:07:46 2023]
Finished job 9.
12 of 13 steps (92%) done
Select jobs to execute...

[Fri Dec 22 12:07:46 2023]
localrule all:
    input: results/snp-selex/targets.sorted.txt, resources/data/snp-selex/GSE118725_pbs.obs_pval05.tsv, resources/data/snp-selex/GSE118725_pbs.novel_batch.tsv, resources/software/PWMScan/matrix_prob, resources/software/PWMScan/matrix_scan, results/snp-selex/pwms/MA0139.1-pwm.txt, results/snp-selex/pwms/MA0007.3-pwm.txt, results/snp-selex/add_ref_sequence_1.tsv, results/snp-selex/add_ref_sequence_2.tsv
    jobid: 0
    reason: Input files updated by another job: results/snp-selex/add_ref_sequence_1.tsv, results/snp-selex/targets.sorted.txt, results/snp-selex/add_ref_sequence_2.tsv
    resources: tmpdir=/tmp

[Fri Dec 22 12:07:46 2023]
Finished job 0.
13 of 13 steps (100%) done
Complete log: .snakemake/log/2023-12-22T120715.659865.snakemake.log
