Building DAG of jobs...
Using shell: /usr/bin/bash
Provided cores: 16
Rules claiming more threads will be scaled down.
Job stats:
job                                   count
----------------------------------  -------
all                                       1
setup_filter_names_to_human_jaspar        1
total                                     2

Select jobs to execute...

[Fri Dec 22 10:40:16 2023]
rule setup_filter_names_to_human_jaspar:
    input: results/snp-selex/target_names.txt
    output: results/snp-selex/names_in_jaspar.txt
    jobid: 1
    reason: Missing output files: results/snp-selex/names_in_jaspar.txt
    resources: tmpdir=/tmp

Activating conda environment: tfbs-activity
[Fri Dec 22 10:40:19 2023]
Finished job 1.
1 of 2 steps (50%) done
Select jobs to execute...

[Fri Dec 22 10:40:19 2023]
localrule all:
    input: results/snp-selex/names_in_jaspar.txt
    jobid: 0
    reason: Input files updated by another job: results/snp-selex/names_in_jaspar.txt
    resources: tmpdir=/tmp

[Fri Dec 22 10:40:19 2023]
Finished job 0.
2 of 2 steps (100%) done
Complete log: .snakemake/log/2023-12-22T104012.580276.snakemake.log
