Building DAG of jobs...
Using shell: /usr/bin/bash
Provided cores: 4
Rules claiming more threads will be scaled down.
Job stats:
job                       count
----------------------  -------
all                           1
selex_add_profile_info        2
selex_sort_batch              2
targets_make_targets          1
total                         6

Select jobs to execute...

[Fri Dec 22 08:22:49 2023]
Job 2: 
        Alphabetical sort on TF common name, necessary for merging laters
        
Reason: Missing output files: results/snp-selex/sorted_novel_batch.tsv


[Fri Dec 22 08:22:51 2023]
Job 9: 
        Alphabetical sort on TF common name, necessary for merging laters
        
Reason: Missing output files: results/snp-selex/sorted_original_batch.tsv


[Fri Dec 22 08:22:51 2023]
rule targets_make_targets:
    output: results/snp-selex/target_list.txt
    jobid: 7
    reason: Code has changed since last execution
    resources: tmpdir=/tmp

[Fri Dec 22 08:22:51 2023]
Error in rule selex_sort_batch:
    jobid: 2
    input: results/snp-selex/format_novel_batch.tsv
    output: results/snp-selex/sorted_novel_batch.tsv
    shell:
        
        sort -k1 -t=$'	' results/snp-selex/format_novel_batch.tsv > results/snp-selex/sorted_novel_batch.tsv
        
        (one of the commands exited with non-zero exit code; note that snakemake uses bash strict mode!)

Removing output files of failed job selex_sort_batch since they might be corrupted:
results/snp-selex/sorted_novel_batch.tsv
[Fri Dec 22 08:22:51 2023]
Error in rule selex_sort_batch:
    jobid: 9
    input: results/snp-selex/format_original_batch.tsv
    output: results/snp-selex/sorted_original_batch.tsv
    shell:
        
        sort -k1 -t=$'	' results/snp-selex/format_original_batch.tsv > results/snp-selex/sorted_original_batch.tsv
        
        (one of the commands exited with non-zero exit code; note that snakemake uses bash strict mode!)

Removing output files of failed job selex_sort_batch since they might be corrupted:
results/snp-selex/sorted_original_batch.tsv
[Fri Dec 22 08:22:51 2023]
Error in rule targets_make_targets:
    jobid: 7
    output: results/snp-selex/target_list.txt
    shell:
        
        echo -e 'CTCF	MA0139.1	19' >> results/snp-selex/target_list.txt &&
        echo -e 'ALX3	MA0634.1	10' >> results/snp-selex/target_list.txt &&
        sort -k1 -t=$'	' results/snp-selex/target_list.txt -o results/snp-selex/target_list.txt
        
        (one of the commands exited with non-zero exit code; note that snakemake uses bash strict mode!)

Removing output files of failed job targets_make_targets since they might be corrupted:
results/snp-selex/target_list.txt
Shutting down, this might take some time.
Exiting because a job execution failed. Look above for error message
Complete log: .snakemake/log/2023-12-22T082246.101828.snakemake.log
