Building DAG of jobs...
Using shell: /usr/bin/bash
Provided cores: 4
Rules claiming more threads will be scaled down.
Job stats:
job                       count
----------------------  -------
all                           1
selex_add_profile_info        2
selex_sort_batch              2
targets_make_targets          1
total                         6

Select jobs to execute...

[Fri Dec 22 08:42:08 2023]
Job 2: 
        Alphabetical sort on TF common name, necessary for merging laters.
        Note: tr is to ensure proper tab delimited
        
Reason: Code has changed since last execution


[Fri Dec 22 08:42:10 2023]
Job 9: 
        Alphabetical sort on TF common name, necessary for merging laters.
        Note: tr is to ensure proper tab delimited
        
Reason: Code has changed since last execution


[Fri Dec 22 08:42:10 2023]
rule targets_make_targets:
    output: results/snp-selex/target_list.txt
    jobid: 7
    reason: Code has changed since last execution
    resources: tmpdir=/tmp

[Fri Dec 22 08:42:10 2023]
Finished job 7.
1 of 6 steps (17%) done
[Fri Dec 22 08:42:16 2023]
Finished job 2.
2 of 6 steps (33%) done
Select jobs to execute...

[Fri Dec 22 08:42:16 2023]
Job 1: 
        columns will be: tf, snp, oligo_auc, oligo_pval, pbs, pval, batch, profile, length_bp
        note inner merge
        
Reason: Missing output files: results/snp-selex/add_profile_info_novel.tsv; Input files updated by another job: results/snp-selex/target_list.txt, results/snp-selex/sorted_novel_batch.tsv

[Fri Dec 22 08:42:17 2023]
Finished job 9.
3 of 6 steps (50%) done
Select jobs to execute...

[Fri Dec 22 08:42:17 2023]
Job 8: 
        columns will be: tf, snp, oligo_auc, oligo_pval, pbs, pval, batch, profile, length_bp
        note inner merge
        
Reason: Missing output files: results/snp-selex/add_profile_info_original.tsv; Input files updated by another job: results/snp-selex/target_list.txt, results/snp-selex/sorted_original_batch.tsv

[Fri Dec 22 08:42:18 2023]
Finished job 1.
4 of 6 steps (67%) done
[Fri Dec 22 08:42:21 2023]
Finished job 8.
5 of 6 steps (83%) done
Select jobs to execute...

[Fri Dec 22 08:42:21 2023]
localrule all:
    input: results/snp-selex/add_profile_info_novel.tsv, results/snp-selex/add_profile_info_original.tsv
    jobid: 0
    reason: Input files updated by another job: results/snp-selex/add_profile_info_novel.tsv, results/snp-selex/add_profile_info_original.tsv
    resources: tmpdir=/tmp

[Fri Dec 22 08:42:21 2023]
Finished job 0.
6 of 6 steps (100%) done
Complete log: .snakemake/log/2023-12-22T084205.007907.snakemake.log
