Building DAG of jobs...
Your conda installation is not configured to use strict channel priorities. This is however crucial for having robust and correct environments (for details, see https://conda-forge.org/docs/user/tipsandtricks.html). Please consider to configure strict priorities by executing 'conda config --set channel_priority strict'.
Using shell: /usr/bin/bash
Provided cores: 16
Rules claiming more threads will be scaled down.
Job stats:
job                         count
------------------------  -------
all                             1
selex_add_oligo_bounds          2
selex_filter_long_motifs        2
selex_make_oligo_fasta          2
total                           7

Select jobs to execute...

[Fri Dec 22 12:20:44 2023]
Job 18: 
        removes motifs that have PWM > 20
        
Reason: Missing output files: results/snp-selex/filter_long_motifs_2.tsv

Activating conda environment: tfbs-activity

[Fri Dec 22 12:20:44 2023]
Job 11: 
        removes motifs that have PWM > 20
        
Reason: Missing output files: results/snp-selex/filter_long_motifs_1.tsv

Activating conda environment: tfbs-activity
[Fri Dec 22 12:20:45 2023]
Finished job 11.
1 of 7 steps (14%) done
Removing temporary output results/snp-selex/add_profile_info_1.tsv.
Select jobs to execute...

[Fri Dec 22 12:20:45 2023]
Job 10: 
        columns will be: tf, snp, oligo_auc, oligo_pval, pbs, pval, batch, profile, length_bp, oligo_chrm, oligo_lbound, oligo_rbound
        
Reason: Missing output files: results/snp-selex/add_oligo_bounds_1.tsv; Input files updated by another job: results/snp-selex/filter_long_motifs_1.tsv

Activating conda environment: tfbs-activity
[Fri Dec 22 12:20:45 2023]
Finished job 18.
2 of 7 steps (29%) done
Removing temporary output results/snp-selex/add_profile_info_2.tsv.
Select jobs to execute...

[Fri Dec 22 12:20:45 2023]
Job 17: 
        columns will be: tf, snp, oligo_auc, oligo_pval, pbs, pval, batch, profile, length_bp, oligo_chrm, oligo_lbound, oligo_rbound
        
Reason: Missing output files: results/snp-selex/add_oligo_bounds_2.tsv; Input files updated by another job: results/snp-selex/filter_long_motifs_2.tsv

Activating conda environment: tfbs-activity
[Fri Dec 22 12:20:45 2023]
Finished job 10.
3 of 7 steps (43%) done
Removing temporary output results/snp-selex/filter_long_motifs_1.tsv.
Select jobs to execute...

[Fri Dec 22 12:20:45 2023]
rule selex_make_oligo_fasta:
    input: results/snp-selex/add_oligo_bounds_1.tsv, resources/data/genome/hg19/hg19.fa.gz
    output: results/snp-selex/make_oligo_fasta_1.fa
    jobid: 9
    reason: Input files updated by another job: results/snp-selex/add_oligo_bounds_1.tsv; Code has changed since last execution
    wildcards: batch=1
    resources: tmpdir=/tmp

[Fri Dec 22 12:20:45 2023]
Finished job 17.
4 of 7 steps (57%) done
Removing temporary output results/snp-selex/filter_long_motifs_2.tsv.
Select jobs to execute...

[Fri Dec 22 12:20:45 2023]
rule selex_make_oligo_fasta:
    input: results/snp-selex/add_oligo_bounds_2.tsv, resources/data/genome/hg19/hg19.fa.gz
    output: results/snp-selex/make_oligo_fasta_2.fa
    jobid: 16
    reason: Input files updated by another job: results/snp-selex/add_oligo_bounds_2.tsv; Code has changed since last execution
    wildcards: batch=2
    resources: tmpdir=/tmp

[Fri Dec 22 12:20:46 2023]
Finished job 16.
5 of 7 steps (71%) done
Removing temporary output results/snp-selex/add_oligo_bounds_2.tsv.
[Fri Dec 22 12:20:46 2023]
Finished job 9.
6 of 7 steps (86%) done
Removing temporary output results/snp-selex/add_oligo_bounds_1.tsv.
Select jobs to execute...

[Fri Dec 22 12:20:46 2023]
localrule all:
    input: results/snp-selex/targets.sorted.txt, resources/data/snp-selex/GSE118725_pbs.obs_pval05.tsv, resources/data/snp-selex/GSE118725_pbs.novel_batch.tsv, resources/software/PWMScan/matrix_prob, resources/software/PWMScan/matrix_scan, results/snp-selex/pwms/MA0139.1-pwm.txt, results/snp-selex/pwms/MA0007.3-pwm.txt, results/snp-selex/make_oligo_fasta_1.fa, results/snp-selex/make_oligo_fasta_2.fa
    jobid: 0
    reason: Input files updated by another job: results/snp-selex/make_oligo_fasta_1.fa, results/snp-selex/make_oligo_fasta_2.fa
    resources: tmpdir=/tmp

[Fri Dec 22 12:20:46 2023]
Finished job 0.
7 of 7 steps (100%) done
Complete log: .snakemake/log/2023-12-22T122037.277015.snakemake.log
