Building DAG of jobs...
Your conda installation is not configured to use strict channel priorities. This is however crucial for having robust and correct environments (for details, see https://conda-forge.org/docs/user/tipsandtricks.html). Please consider to configure strict priorities by executing 'conda config --set channel_priority strict'.
Using shell: /usr/bin/bash
Provided cores: 16
Rules claiming more threads will be scaled down.
Job stats:
job                         count
------------------------  -------
all                             1
selex_add_oligo_bounds          2
selex_add_profile_info          2
selex_filter_long_motifs        2
selex_format_batch_1            1
selex_format_batch_2            1
selex_make_oligo_fasta          2
selex_scan_oligo                2
selex_sort_batch                2
setup_setup_targets             1
setup_sort_targets              1
total                          17

Select jobs to execute...

[Fri Dec 22 12:50:00 2023]
rule setup_setup_targets:
    output: results/snp-selex/targets.txt
    jobid: 2
    reason: Missing output files: results/snp-selex/targets.txt
    resources: tmpdir=/tmp

[Fri Dec 22 12:50:00 2023]
Job 15: 
        Columns will be: tf, snp, oligo_auc, oligo_pval, pbs, pval, batch
        Notes:
        - tail removes header
        - tr replaces :
        - vawk first split grabs TF from oligo ID
        - vawk gsub replace - in column 2
        - last vawk split formats oligo coords into vid to match novel batch format 
        
Reason: Missing output files: results/snp-selex/format_batch_1.tsv

Activating conda environment: tfbs-activity

[Fri Dec 22 12:50:00 2023]
Job 23: 
        Columns will be: tf, snp, oligo_auc, oligo_pval, pbs, pval, batch
        Notes:
        - tail removes header
        - vawk prints entire line, adds "novel" batch flag
        
Reason: Missing output files: results/snp-selex/format_batch_2.tsv

Activating conda environment: tfbs-activity
[Fri Dec 22 12:50:02 2023]
Finished job 2.
1 of 17 steps (6%) done
Select jobs to execute...

[Fri Dec 22 12:50:02 2023]
rule setup_sort_targets:
    input: results/snp-selex/targets.txt
    output: results/snp-selex/targets.sorted.txt
    jobid: 1
    reason: Input files updated by another job: results/snp-selex/targets.txt
    resources: tmpdir=/tmp

[Fri Dec 22 12:50:02 2023]
Finished job 1.
2 of 17 steps (12%) done
[Fri Dec 22 12:50:04 2023]
Finished job 23.
3 of 17 steps (18%) done
Select jobs to execute...

[Fri Dec 22 12:50:04 2023]
Job 22: 
        Alphabetical sort on TF common name, necessary for merging laters.
        Note: tr is to ensure proper tab delimited. 
        Sort param -k 1b,1 is from recommendation from join people
        
Reason: Missing output files: results/snp-selex/sorted_batch_2.tsv; Input files updated by another job: results/snp-selex/format_batch_2.tsv

[Fri Dec 22 12:50:10 2023]
Finished job 22.
4 of 17 steps (24%) done
Removing temporary output results/snp-selex/format_batch_2.tsv.
Select jobs to execute...

[Fri Dec 22 12:50:10 2023]
Job 21: 
        columns will be: tf, snp, oligo_auc, oligo_pval, pbs, pval, batch, profile, length_bp
        note inner merge;  to left merge add -a1 -e "." flag for join
        tr is to convert output to tab delim
        
Reason: Missing output files: results/snp-selex/add_profile_info_2.tsv; Input files updated by another job: results/snp-selex/targets.txt, results/snp-selex/sorted_batch_2.tsv

[Fri Dec 22 12:50:12 2023]
Finished job 15.
5 of 17 steps (29%) done
Select jobs to execute...

[Fri Dec 22 12:50:12 2023]
Job 14: 
        Alphabetical sort on TF common name, necessary for merging laters.
        Note: tr is to ensure proper tab delimited. 
        Sort param -k 1b,1 is from recommendation from join people
        
Reason: Missing output files: results/snp-selex/sorted_batch_1.tsv; Input files updated by another job: results/snp-selex/format_batch_1.tsv

[Fri Dec 22 12:50:12 2023]
Finished job 21.
6 of 17 steps (35%) done
Removing temporary output results/snp-selex/sorted_batch_2.tsv.
Select jobs to execute...

[Fri Dec 22 12:50:12 2023]
Job 20: 
        removes motifs that have PWM > 20
        
Reason: Missing output files: results/snp-selex/filter_long_motifs_2.tsv; Input files updated by another job: results/snp-selex/add_profile_info_2.tsv

Activating conda environment: tfbs-activity
[Fri Dec 22 12:50:13 2023]
Finished job 20.
7 of 17 steps (41%) done
Removing temporary output results/snp-selex/add_profile_info_2.tsv.
Select jobs to execute...

[Fri Dec 22 12:50:13 2023]
Job 19: 
        columns will be: tf, snp, oligo_auc, oligo_pval, pbs, pval, batch, profile, length_bp, oligo_chrm, oligo_lbound, oligo_rbound
        
Reason: Missing output files: results/snp-selex/add_oligo_bounds_2.tsv; Input files updated by another job: results/snp-selex/filter_long_motifs_2.tsv

Activating conda environment: tfbs-activity
[Fri Dec 22 12:50:13 2023]
Finished job 19.
8 of 17 steps (47%) done
Removing temporary output results/snp-selex/filter_long_motifs_2.tsv.
Select jobs to execute...

[Fri Dec 22 12:50:13 2023]
rule selex_make_oligo_fasta:
    input: results/snp-selex/add_oligo_bounds_2.tsv, resources/data/genome/hg19/hg19.fa.gz
    output: results/snp-selex/make_oligo_fasta_2.fa
    jobid: 18
    reason: Input files updated by another job: results/snp-selex/add_oligo_bounds_2.tsv; Code has changed since last execution
    wildcards: batch=2
    resources: tmpdir=/tmp

[Fri Dec 22 12:50:13 2023]
Error in rule selex_make_oligo_fasta:
    jobid: 18
    input: results/snp-selex/add_oligo_bounds_2.tsv, resources/data/genome/hg19/hg19.fa.gz
    output: results/snp-selex/make_oligo_fasta_2.fa
    shell:
        
        vawk '{print $10, $11, $12, $2"-"$8"-"$7"}' results/snp-selex/add_oligo_bounds_2.tsv |
        bedtools getfasta -fi resources/data/genome/hg19/hg19.fa.gz -bed stdin -nameOnly > results/snp-selex/make_oligo_fasta_2.fa
        
        (one of the commands exited with non-zero exit code; note that snakemake uses bash strict mode!)

Removing output files of failed job selex_make_oligo_fasta since they might be corrupted:
results/snp-selex/make_oligo_fasta_2.fa
[Fri Dec 22 12:50:18 2023]
Finished job 14.
9 of 17 steps (53%) done
Removing temporary output results/snp-selex/format_batch_1.tsv.
Shutting down, this might take some time.
Exiting because a job execution failed. Look above for error message
Complete log: .snakemake/log/2023-12-22T124953.537780.snakemake.log
