Building DAG of jobs...
Using shell: /usr/bin/bash
Provided cores: 16
Rules claiming more threads will be scaled down.
Job stats:
job                              count
-----------------------------  -------
all                                  1
setup_download_novel_batch           1
setup_download_original_batch        1
setup_fetch_targets                  1
total                                4

Select jobs to execute...

[Fri Dec 22 10:07:52 2023]
rule setup_download_original_batch:
    output: resources/data/data/snp-selex/GSE118725_pbs.obs_pval05.tsv.gz
    jobid: 2
    reason: Missing output files: resources/data/data/snp-selex/GSE118725_pbs.obs_pval05.tsv.gz
    resources: tmpdir=/tmp


[Fri Dec 22 10:07:54 2023]
rule setup_download_novel_batch:
    output: resources/data/data/snp-selex/GSE118725_pbs.novel_batch.tsv.gz
    jobid: 3
    reason: Missing output files: resources/data/data/snp-selex/GSE118725_pbs.novel_batch.tsv.gz
    resources: tmpdir=/tmp

[Fri Dec 22 10:07:56 2023]
Finished job 3.
1 of 4 steps (25%) done
[Fri Dec 22 10:07:58 2023]
Finished job 2.
2 of 4 steps (50%) done
Select jobs to execute...

[Fri Dec 22 10:07:58 2023]
rule setup_fetch_targets:
    input: resources/data/data/snp-selex/GSE118725_pbs.obs_pval05.tsv.gz, resources/data/data/snp-selex/GSE118725_pbs.novel_batch.tsv.gz
    output: results/snp-selex/targets.txt, results/snp-selex/target_list.txt
    jobid: 1
    reason: Missing output files: results/snp-selex/target_list.txt; Input files updated by another job: resources/data/data/snp-selex/GSE118725_pbs.novel_batch.tsv.gz, resources/data/data/snp-selex/GSE118725_pbs.obs_pval05.tsv.gz; Set of input files has changed since last execution; Code has changed since last execution
    resources: tmpdir=/tmp

Activating conda environment: tfbs-activity
[Fri Dec 22 10:07:58 2023]
Error in rule setup_fetch_targets:
    jobid: 1
    input: resources/data/data/snp-selex/GSE118725_pbs.obs_pval05.tsv.gz, resources/data/data/snp-selex/GSE118725_pbs.novel_batch.tsv.gz
    output: results/snp-selex/targets.txt, results/snp-selex/target_list.txt
    conda-env: tfbs-activity
    shell:
        
        zcat resources/data/data/snp-selex/GSE118725_pbs.obs_pval05.tsv.gz | tail -n +2 resources/data/data/snp-selex/GSE118725_pbs.obs_pval05.tsv.gz resources/data/data/snp-selex/GSE118725_pbs.novel_batch.tsv.gz | vawk '{print $1}' | sort | uniq >> results/snp-selex/targets.txt &&
        zcat resources/data/data/snp-selex/GSE118725_pbs.novel_batch.tsv.gz | tail -n +2 resources/data/data/snp-selex/GSE118725_pbs.obs_pval05.tsv.gz resources/data/data/snp-selex/GSE118725_pbs.novel_batch.tsv.gz | vawk '{print $1}' | sort | uniq >> results/snp-selex/targets.txt &&
        cat results/snp-selex/targets.txt | sort | uniq > results/snp-selex/target_list.txt

        
        (one of the commands exited with non-zero exit code; note that snakemake uses bash strict mode!)

Removing output files of failed job setup_fetch_targets since they might be corrupted:
results/snp-selex/targets.txt
Shutting down, this might take some time.
Exiting because a job execution failed. Look above for error message
Complete log: .snakemake/log/2023-12-22T100751.865153.snakemake.log
