Building DAG of jobs...
Your conda installation is not configured to use strict channel priorities. This is however crucial for having robust and correct environments (for details, see https://conda-forge.org/docs/user/tipsandtricks.html). Please consider to configure strict priorities by executing 'conda config --set channel_priority strict'.
Using shell: /usr/bin/bash
Provided cores: 16
Rules claiming more threads will be scaled down.
Job stats:
job                         count
------------------------  -------
all                             1
selex_add_oligo_bounds          1
selex_add_profile_info          1
selex_filter_long_motifs        1
selex_format_batch_1            1
selex_make_oligo_fasta          1
selex_scan_oligo                1
selex_sort_batch                1
setup_setup_targets             1
setup_sort_targets              1
total                          10

Select jobs to execute...

[Fri Dec 22 13:02:26 2023]
rule setup_setup_targets:
    output: results/snp-selex/targets.txt
    jobid: 2
    reason: Missing output files: results/snp-selex/targets.txt
    resources: tmpdir=/tmp

[Fri Dec 22 13:02:26 2023]
Job 15: 
        Columns will be: tf, snp, oligo_auc, oligo_pval, pbs, pval, batch
        Notes:
        - tail removes header
        - tr replaces :
        - vawk first split grabs TF from oligo ID
        - vawk gsub replace - in column 2
        - last vawk split formats oligo coords into vid to match novel batch format 
        
Reason: Missing output files: results/snp-selex/format_batch_1.tsv

Activating conda environment: tfbs-activity
[Fri Dec 22 13:02:28 2023]
Finished job 2.
1 of 10 steps (10%) done
Select jobs to execute...

[Fri Dec 22 13:02:28 2023]
rule setup_sort_targets:
    input: results/snp-selex/targets.txt
    output: results/snp-selex/targets.sorted.txt
    jobid: 1
    reason: Input files updated by another job: results/snp-selex/targets.txt
    resources: tmpdir=/tmp

[Fri Dec 22 13:02:28 2023]
Finished job 1.
2 of 10 steps (20%) done
[Fri Dec 22 13:02:37 2023]
Finished job 15.
3 of 10 steps (30%) done
Select jobs to execute...

[Fri Dec 22 13:02:37 2023]
Job 14: 
        Alphabetical sort on TF common name, necessary for merging laters.
        Note: tr is to ensure proper tab delimited. 
        Sort param -k 1b,1 is from recommendation from join people
        
Reason: Missing output files: results/snp-selex/sorted_batch_1.tsv; Input files updated by another job: results/snp-selex/format_batch_1.tsv

[Fri Dec 22 13:02:44 2023]
Finished job 14.
4 of 10 steps (40%) done
Removing temporary output results/snp-selex/format_batch_1.tsv.
Select jobs to execute...

[Fri Dec 22 13:02:44 2023]
Job 13: 
        columns will be: tf, snp, oligo_auc, oligo_pval, pbs, pval, batch, profile, length_bp
        note inner merge;  to left merge add -a1 -e "." flag for join
        tr is to convert output to tab delim
        
Reason: Missing output files: results/snp-selex/add_profile_info_1.tsv; Input files updated by another job: results/snp-selex/targets.txt, results/snp-selex/sorted_batch_1.tsv

[Fri Dec 22 13:02:47 2023]
Finished job 13.
5 of 10 steps (50%) done
Removing temporary output results/snp-selex/sorted_batch_1.tsv.
Removing temporary output results/snp-selex/targets.txt.
Select jobs to execute...

[Fri Dec 22 13:02:47 2023]
Job 12: 
        removes motifs that have PWM > 20
        
Reason: Missing output files: results/snp-selex/filter_long_motifs_1.tsv; Input files updated by another job: results/snp-selex/add_profile_info_1.tsv

Activating conda environment: tfbs-activity
[Fri Dec 22 13:02:47 2023]
Finished job 12.
6 of 10 steps (60%) done
Removing temporary output results/snp-selex/add_profile_info_1.tsv.
Select jobs to execute...

[Fri Dec 22 13:02:47 2023]
Job 11: 
        columns will be: tf, snp, oligo_auc, oligo_pval, pbs, pval, batch, profile, length_bp, oligo_chrm, oligo_lbound, oligo_rbound
        
Reason: Missing output files: results/snp-selex/add_oligo_bounds_1.tsv; Input files updated by another job: results/snp-selex/filter_long_motifs_1.tsv

Activating conda environment: tfbs-activity
[Fri Dec 22 13:02:48 2023]
Finished job 11.
7 of 10 steps (70%) done
Removing temporary output results/snp-selex/filter_long_motifs_1.tsv.
Select jobs to execute...

[Fri Dec 22 13:02:48 2023]
Job 10: 
        Note ID formatting for 4th column in BED
        
Reason: Input files updated by another job: results/snp-selex/add_oligo_bounds_1.tsv; Code has changed since last execution

[Fri Dec 22 13:02:49 2023]
Finished job 10.
8 of 10 steps (80%) done
Removing temporary output results/snp-selex/add_oligo_bounds_1.tsv.
Select jobs to execute...

[Fri Dec 22 13:02:49 2023]
Job 9: 
        python test
        
Reason: Missing output files: results/snp-selex/scan_oligo_1.tsv; Input files updated by another job: results/snp-selex/make_oligo_fasta_1.fa

[Fri Dec 22 13:02:50 2023]
Error in rule selex_scan_oligo:
    jobid: 9
    input: results/snp-selex/make_oligo_fasta_1.fa
    output: results/snp-selex/scan_oligo_1.tsv

RuleException:
CalledProcessError in file /panfs/accrepfs.vampire/data/ruderferlab/projects/biovu/cnv/cre/CTCF-Variant-Annotation/snakemake/workflows/common/snp-selex/workflow/rules/selex.smk, line 180:
Command 'set -euo pipefail;  /accre/arch/easybuild/software/BinDist/Anaconda3/2022.05/bin/python /panfs/accrepfs.vampire/data/ruderferlab/projects/biovu/cnv/cre/CTCF-Variant-Annotation/snakemake/workflows/common/snp-selex/.snakemake/scripts/tmpllibzyuo.score.py' returned non-zero exit status 1.
  File "/panfs/accrepfs.vampire/data/ruderferlab/projects/biovu/cnv/cre/CTCF-Variant-Annotation/snakemake/workflows/common/snp-selex/workflow/rules/selex.smk", line 180, in __rule_scan_oligo
  File "/accre/arch/easybuild/software/BinDist/Anaconda3/2022.05/lib/python3.9/concurrent/futures/thread.py", line 58, in run
Shutting down, this might take some time.
Exiting because a job execution failed. Look above for error message
Complete log: .snakemake/log/2023-12-22T130219.380345.snakemake.log
