Building DAG of jobs...
Using shell: /usr/bin/bash
Provided cores: 4
Rules claiming more threads will be scaled down.
Job stats:
job                         count
------------------------  -------
all                             1
selex_add_oligo_bounds          2
selex_add_profile_info          2
selex_filter_long_motifs        2
total                           7

Select jobs to execute...

[Fri Dec 22 08:45:18 2023]
Job 12: 
        columns will be: tf, snp, oligo_auc, oligo_pval, pbs, pval, batch, profile, length_bp
        note left merge
        tr is to convert output to tab delim
        
Reason: Code has changed since last execution


[Fri Dec 22 08:45:19 2023]
Job 3: 
        columns will be: tf, snp, oligo_auc, oligo_pval, pbs, pval, batch, profile, length_bp
        note left merge
        tr is to convert output to tab delim
        
Reason: Code has changed since last execution

[Fri Dec 22 08:45:22 2023]
Finished job 3.
1 of 7 steps (14%) done
Select jobs to execute...

[Fri Dec 22 08:45:22 2023]
Job 2: 
        removes motifs that have PWM > 20
        
Reason: Missing output files: results/snp-selex/filter_long_motifs_novel.tsv; Input files updated by another job: results/snp-selex/add_profile_info_novel.tsv

Activating conda environment: tfbs-activity
[Fri Dec 22 08:45:23 2023]
Finished job 12.
2 of 7 steps (29%) done
Select jobs to execute...

[Fri Dec 22 08:45:23 2023]
Job 11: 
        removes motifs that have PWM > 20
        
Reason: Missing output files: results/snp-selex/filter_long_motifs_original.tsv; Input files updated by another job: results/snp-selex/add_profile_info_original.tsv

Activating conda environment: tfbs-activity
[Fri Dec 22 08:45:26 2023]
Finished job 2.
3 of 7 steps (43%) done
Select jobs to execute...

[Fri Dec 22 08:45:26 2023]
Job 1: 
        columns will be: tf, snp, oligo_auc, oligo_pval, pbs, pval, batch, profile, length_bp, oligo_chrm, oligo_lbound, oligo_rbound
        
Reason: Missing output files: results/snp-selex/add_oligo_bounds_novel.tsv; Input files updated by another job: results/snp-selex/filter_long_motifs_novel.tsv

Activating conda environment: tfbs-activity
[Fri Dec 22 08:45:29 2023]
Finished job 11.
4 of 7 steps (57%) done
Select jobs to execute...

[Fri Dec 22 08:45:29 2023]
Job 10: 
        columns will be: tf, snp, oligo_auc, oligo_pval, pbs, pval, batch, profile, length_bp, oligo_chrm, oligo_lbound, oligo_rbound
        
Reason: Missing output files: results/snp-selex/add_oligo_bounds_original.tsv; Input files updated by another job: results/snp-selex/filter_long_motifs_original.tsv

Activating conda environment: tfbs-activity
[Fri Dec 22 08:45:32 2023]
Finished job 1.
5 of 7 steps (71%) done
[Fri Dec 22 08:45:39 2023]
Finished job 10.
6 of 7 steps (86%) done
Select jobs to execute...

[Fri Dec 22 08:45:39 2023]
localrule all:
    input: results/snp-selex/add_oligo_bounds_novel.tsv, results/snp-selex/add_oligo_bounds_original.tsv
    jobid: 0
    reason: Input files updated by another job: results/snp-selex/add_oligo_bounds_novel.tsv, results/snp-selex/add_oligo_bounds_original.tsv
    resources: tmpdir=/tmp

[Fri Dec 22 08:45:39 2023]
Finished job 0.
7 of 7 steps (100%) done
Complete log: .snakemake/log/2023-12-22T084514.393566.snakemake.log
