Building DAG of jobs...
Your conda installation is not configured to use strict channel priorities. This is however crucial for having robust and correct environments (for details, see https://conda-forge.org/docs/user/tipsandtricks.html). Please consider to configure strict priorities by executing 'conda config --set channel_priority strict'.
Using shell: /usr/bin/bash
Provided cores: 16
Rules claiming more threads will be scaled down.
Job stats:
job                         count
------------------------  -------
all                             1
selex_add_oligo_bounds          1
selex_add_profile_info          1
selex_filter_long_motifs        1
selex_make_oligo_fasta          2
selex_scan_oligo                2
total                           8

Select jobs to execute...

[Fri Dec 22 12:50:47 2023]
Job 13: 
        columns will be: tf, snp, oligo_auc, oligo_pval, pbs, pval, batch, profile, length_bp
        note inner merge;  to left merge add -a1 -e "." flag for join
        tr is to convert output to tab delim
        
Reason: Missing output files: results/snp-selex/add_profile_info_1.tsv; Updated input files: results/snp-selex/sorted_batch_1.tsv


[Fri Dec 22 12:50:47 2023]
rule selex_make_oligo_fasta:
    input: results/snp-selex/add_oligo_bounds_2.tsv, resources/data/genome/hg19/hg19.fa.gz
    output: results/snp-selex/make_oligo_fasta_2.fa
    jobid: 18
    reason: Missing output files: results/snp-selex/make_oligo_fasta_2.fa
    wildcards: batch=2
    resources: tmpdir=/tmp

[Fri Dec 22 12:50:48 2023]
Finished job 18.
1 of 8 steps (12%) done
Removing temporary output results/snp-selex/add_oligo_bounds_2.tsv.
Select jobs to execute...

[Fri Dec 22 12:50:48 2023]
Job 17: 
        python test
        
Reason: Missing output files: results/snp-selex/scan_oligo_2.tsv; Input files updated by another job: results/snp-selex/make_oligo_fasta_2.fa

[Fri Dec 22 12:50:48 2023]
Error in rule selex_scan_oligo:
    jobid: 17
    input: results/snp-selex/make_oligo_fasta_2.fa
    output: results/snp-selex/scan_oligo_2.tsv

RuleException:
CalledProcessError in file /panfs/accrepfs.vampire/data/ruderferlab/projects/biovu/cnv/cre/CTCF-Variant-Annotation/snakemake/workflows/common/snp-selex/workflow/rules/selex.smk, line 176:
Command 'set -euo pipefail;  /accre/arch/easybuild/software/BinDist/Anaconda3/2022.05/bin/python /panfs/accrepfs.vampire/data/ruderferlab/projects/biovu/cnv/cre/CTCF-Variant-Annotation/snakemake/workflows/common/snp-selex/.snakemake/scripts/tmpeudt8mhv.score.py' returned non-zero exit status 1.
  File "/panfs/accrepfs.vampire/data/ruderferlab/projects/biovu/cnv/cre/CTCF-Variant-Annotation/snakemake/workflows/common/snp-selex/workflow/rules/selex.smk", line 176, in __rule_scan_oligo
  File "/accre/arch/easybuild/software/BinDist/Anaconda3/2022.05/lib/python3.9/concurrent/futures/thread.py", line 58, in run
[Fri Dec 22 12:50:50 2023]
Finished job 13.
2 of 8 steps (25%) done
Removing temporary output results/snp-selex/sorted_batch_1.tsv.
Removing temporary output results/snp-selex/targets.txt.
Shutting down, this might take some time.
Exiting because a job execution failed. Look above for error message
Complete log: .snakemake/log/2023-12-22T125039.771172.snakemake.log
