Building DAG of jobs...
Using shell: /usr/bin/bash
Provided cores: 4
Rules claiming more threads will be scaled down.
Conda environments: ignored
Job stats:
job                         count
------------------------  -------
all                             1
genome_install_genome           1
selex_add_oligo_bounds          2
selex_add_profile_info          2
selex_add_ref_sequence          2
selex_filter_long_motifs        2
selex_format_novel_batch        1
total                          11

Select jobs to execute...

[Thu Dec 21 14:28:24 2023]
Job 5: 
        columns will be: tf, snp, oligo_auc, oligo_pval, pbs, pval, batch
        
Reason: Missing output files: results/snp-selex/format_novel_batch.tsv


[Thu Dec 21 14:28:24 2023]
Job 14: 
        columns will be: tf, snp, oligo_auc, oligo_pval, pbs, pval, batch, profile, length_bp
        note inner merge
        
Reason: Missing output files: results/snp-selex/add_profile_info_original.tsv

[Thu Dec 21 14:28:24 2023]
Finished job 14.
1 of 11 steps (9%) done
Removing temporary output results/snp-selex/format_original_batch.tsv.
Select jobs to execute...

[Thu Dec 21 14:28:24 2023]
Job 13: 
        removes motifs that have PWM > 20
        
Reason: Missing output files: results/snp-selex/filter_long_motifs_original.tsv; Input files updated by another job: results/snp-selex/add_profile_info_original.tsv

[Thu Dec 21 14:28:24 2023]
Finished job 13.
2 of 11 steps (18%) done
Select jobs to execute...

[Thu Dec 21 14:28:24 2023]
Job 12: 
        columns will be: tf, snp, oligo_auc, oligo_pval, pbs, pval, batch, profile, length_bp, oligo_chrm, oligo_lbound, oligo_rbound
        
Reason: Missing output files: results/snp-selex/add_oligo_bounds_original.tsv; Input files updated by another job: results/snp-selex/filter_long_motifs_original.tsv

[Thu Dec 21 14:28:24 2023]
Finished job 12.
3 of 11 steps (27%) done
Removing temporary output results/snp-selex/filter_long_motifs_original.tsv.
Select jobs to execute...
[Thu Dec 21 14:28:25 2023]
Finished job 5.
4 of 11 steps (36%) done

[Thu Dec 21 14:28:25 2023]
Job 4: 
        columns will be: tf, snp, oligo_auc, oligo_pval, pbs, pval, batch, profile, length_bp
        note inner merge
        
Reason: Input files updated by another job: results/snp-selex/format_novel_batch.tsv; Code has changed since last execution

[Thu Dec 21 14:28:25 2023]
Finished job 4.
5 of 11 steps (45%) done
Removing temporary output results/snp-selex/format_novel_batch.tsv.
Select jobs to execute...

[Thu Dec 21 14:28:25 2023]
Job 3: 
        removes motifs that have PWM > 20
        
Reason: Missing output files: results/snp-selex/filter_long_motifs_novel.tsv; Input files updated by another job: results/snp-selex/add_profile_info_novel.tsv

[Thu Dec 21 14:28:25 2023]
Finished job 3.
6 of 11 steps (55%) done
Select jobs to execute...

[Thu Dec 21 14:28:25 2023]
Job 10: 
        Installs target genome(s) under install dir
        - Regex to filter down to main chromosomes
        - Default provider set to UCSC
        
Reason: Missing output files: resources/data/genome/hg38/hg38.fa.gz

[Thu Dec 21 14:28:25 2023]
Error in rule genome_install_genome:
    jobid: 10
    output: resources/data/genome/hg38/hg38.fa.gz
    log: workflow/logs/install_genome-hg38.stdout, workflow/logs/install_genome-hg38.stderr (check log file(s) for error details)
    conda-env: /panfs/accrepfs.vampire/data/ruderferlab/projects/biovu/cnv/cre/CTCF-Variant-Annotation/snakemake/workflows/common/snp-selex/.snakemake/conda/4e9adfe59729d7c22dbac69e5a2ba0f9_
    shell:
        
        genomepy plugin enable blacklist &&
        genomepy install hg38         --provider UCSC         --genomes_dir resources/data/genome         --bgzip         --threads 4         --regex chr[0-9XY]+$
        
        (one of the commands exited with non-zero exit code; note that snakemake uses bash strict mode!)

Shutting down, this might take some time.
Exiting because a job execution failed. Look above for error message
Complete log: .snakemake/log/2023-12-21T142823.267384.snakemake.log
