Building DAG of jobs...
Using shell: /usr/bin/bash
Provided cores: 4
Rules claiming more threads will be scaled down.
Job stats:
job                         count
------------------------  -------
all                             1
selex_add_profile_info          2
selex_format_novel_batch        1
targets_make_targets            1
total                           5

Select jobs to execute...

[Fri Dec 22 08:18:33 2023]
rule targets_make_targets:
    output: results/snp-selex/target_list.txt
    jobid: 6
    reason: Missing output files: results/snp-selex/target_list.txt
    resources: tmpdir=/tmp


[Fri Dec 22 08:18:34 2023]
Job 2: 
        Columns will be: tf, snp, oligo_auc, oligo_pval, pbs, pval, batch
        Notes:
        - tail removes header
        - vawk prints entire line, adds "novel" batch flag
        
Reason: Missing output files: results/snp-selex/format_novel_batch.tsv

Activating conda environment: tfbs-activity
[Fri Dec 22 08:18:34 2023]
Finished job 6.
1 of 5 steps (20%) done
Select jobs to execute...

[Fri Dec 22 08:18:34 2023]
Job 7: 
        columns will be: tf, snp, oligo_auc, oligo_pval, pbs, pval, batch, profile, length_bp
        note inner merge
        
Reason: Missing output files: results/snp-selex/add_profile_info_original.tsv; Input files updated by another job: results/snp-selex/target_list.txt; Code has changed since last execution

[Fri Dec 22 08:18:38 2023]
Finished job 2.
2 of 5 steps (40%) done
Select jobs to execute...

[Fri Dec 22 08:18:38 2023]
Job 1: 
        columns will be: tf, snp, oligo_auc, oligo_pval, pbs, pval, batch, profile, length_bp
        note inner merge
        
Reason: Missing output files: results/snp-selex/add_profile_info_novel.tsv; Input files updated by another job: results/snp-selex/target_list.txt, results/snp-selex/format_novel_batch.tsv; Code has changed since last execution

[Fri Dec 22 08:18:41 2023]
Error in rule selex_add_profile_info:
    jobid: 7
    input: results/snp-selex/format_original_batch.tsv, results/snp-selex/target_list.txt
    output: results/snp-selex/add_profile_info_original.tsv
    shell:
        
        join -t$'	' -e NULL         -o 1.1,1.2,1.3,1.4,1.5,1.6,1.7,2.2,2.3         <(sort -k1 -t$'	' results/snp-selex/format_original_batch.tsv) <(sort -k1 -t$'	' results/snp-selex/target_list.txt) > results/snp-selex/add_profile_info_original.tsv
        
        (one of the commands exited with non-zero exit code; note that snakemake uses bash strict mode!)

Removing output files of failed job selex_add_profile_info since they might be corrupted:
results/snp-selex/add_profile_info_original.tsv
[Fri Dec 22 08:18:43 2023]
Error in rule selex_add_profile_info:
    jobid: 1
    input: results/snp-selex/format_novel_batch.tsv, results/snp-selex/target_list.txt
    output: results/snp-selex/add_profile_info_novel.tsv
    shell:
        
        join -t$'	' -e NULL         -o 1.1,1.2,1.3,1.4,1.5,1.6,1.7,2.2,2.3         <(sort -k1 -t$'	' results/snp-selex/format_novel_batch.tsv) <(sort -k1 -t$'	' results/snp-selex/target_list.txt) > results/snp-selex/add_profile_info_novel.tsv
        
        (one of the commands exited with non-zero exit code; note that snakemake uses bash strict mode!)

Removing output files of failed job selex_add_profile_info since they might be corrupted:
results/snp-selex/add_profile_info_novel.tsv
Shutting down, this might take some time.
Exiting because a job execution failed. Look above for error message
Complete log: .snakemake/log/2023-12-22T081829.322320.snakemake.log
