Building DAG of jobs...
Your conda installation is not configured to use strict channel priorities. This is however crucial for having robust and correct environments (for details, see https://conda-forge.org/docs/user/tipsandtricks.html). Please consider to configure strict priorities by executing 'conda config --set channel_priority strict'.
Using shell: /usr/bin/bash
Provided cores: 16
Rules claiming more threads will be scaled down.
Job stats:
job                         count
------------------------  -------
all                             1
selex_add_oligo_bounds          2
selex_add_profile_info          2
selex_add_ref_sequence          2
selex_filter_long_motifs        2
selex_format_batch_1            1
selex_format_batch_2            1
selex_sort_batch                2
setup_setup_targets             1
setup_sort_targets              1
total                          15

Select jobs to execute...

[Fri Dec 22 12:06:25 2023]
rule setup_setup_targets:
    output: results/snp-selex/targets.txt
    jobid: 2
    reason: Missing output files: results/snp-selex/targets.txt
    resources: tmpdir=/tmp

[Fri Dec 22 12:06:25 2023]
Job 21: 
        Columns will be: tf, snp, oligo_auc, oligo_pval, pbs, pval, batch
        Notes:
        - tail removes header
        - vawk prints entire line, adds "novel" batch flag
        
Reason: Missing output files: results/snp-selex/format_batch_2.tsv

Activating conda environment: tfbs-activity

[Fri Dec 22 12:06:25 2023]
Job 14: 
        Columns will be: tf, snp, oligo_auc, oligo_pval, pbs, pval, batch
        Notes:
        - tail removes header
        - tr replaces :
        - vawk first split grabs TF from oligo ID
        - vawk gsub replace - in column 2
        - last vawk split formats oligo coords into vid to match novel batch format 
        
Reason: Missing output files: results/snp-selex/format_batch_1.tsv

Activating conda environment: tfbs-activity
[Fri Dec 22 12:06:27 2023]
Finished job 2.
1 of 15 steps (7%) done
Select jobs to execute...

[Fri Dec 22 12:06:27 2023]
rule setup_sort_targets:
    input: results/snp-selex/targets.txt
    output: results/snp-selex/targets.sorted.txt
    jobid: 1
    reason: Input files updated by another job: results/snp-selex/targets.txt
    resources: tmpdir=/tmp

[Fri Dec 22 12:06:27 2023]
Finished job 1.
2 of 15 steps (13%) done
[Fri Dec 22 12:06:28 2023]
Finished job 21.
3 of 15 steps (20%) done
Select jobs to execute...

[Fri Dec 22 12:06:28 2023]
Job 20: 
        Alphabetical sort on TF common name, necessary for merging laters.
        Note: tr is to ensure proper tab delimited. 
        Sort param -k 1b,1 is from recommendation from join people
        
Reason: Missing output files: results/snp-selex/sorted_batch_2.tsv; Input files updated by another job: results/snp-selex/format_batch_2.tsv

[Fri Dec 22 12:06:34 2023]
Finished job 20.
4 of 15 steps (27%) done
Removing temporary output results/snp-selex/format_batch_2.tsv.
Select jobs to execute...

[Fri Dec 22 12:06:34 2023]
Job 19: 
        columns will be: tf, snp, oligo_auc, oligo_pval, pbs, pval, batch, profile, length_bp
        note inner merge;  to left merge add -a1 -e "." flag for join
        tr is to convert output to tab delim
        
Reason: Missing output files: results/snp-selex/add_profile_info_2.tsv; Input files updated by another job: results/snp-selex/targets.txt, results/snp-selex/sorted_batch_2.tsv

RuleException in rule selex_add_profile_info in file /panfs/accrepfs.vampire/data/ruderferlab/projects/biovu/cnv/cre/CTCF-Variant-Annotation/snakemake/workflows/common/snp-selex/workflow/rules/selex.smk, line 75:
AttributeError: 'InputFiles' object has no attribute 'selex_data', when formatting the following:

        join -o 1.1,1.2,1.3,1.4,1.5,1.6,1.7,2.2,2.3 {input.selex_data} {input.target_list} |
        tr -s ' ' '	' > {output}
        
