Building DAG of jobs...
Your conda installation is not configured to use strict channel priorities. This is however crucial for having robust and correct environments (for details, see https://conda-forge.org/docs/user/tipsandtricks.html). Please consider to configure strict priorities by executing 'conda config --set channel_priority strict'.
Using shell: /usr/bin/bash
Provided cores: 4
Rules claiming more threads will be scaled down.
Job stats:
job                            count
---------------------------  -------
all                                1
genome_install_genome              1
selex_add_oligo_bounds             2
selex_add_profile_info             2
selex_add_ref_sequence             2
selex_filter_long_motifs           2
selex_format_novel_batch           1
selex_format_original_batch        1
total                             12

Select jobs to execute...

[Thu Dec 21 14:29:23 2023]
Job 5: 
        columns will be: tf, snp, oligo_auc, oligo_pval, pbs, pval, batch
        
Reason: Missing output files: results/snp-selex/format_novel_batch.tsv; Code has changed since last execution


[Thu Dec 21 14:29:23 2023]
Job 15: 
        columns will be: tf, snp, oligo_auc, oligo_pval, pbs, pval, batch
        
Reason: Missing output files: results/snp-selex/format_original_batch.tsv; Code has changed since last execution

[Thu Dec 21 14:29:24 2023]
Finished job 5.
1 of 12 steps (8%) done
Select jobs to execute...

[Thu Dec 21 14:29:24 2023]
Job 4: 
        columns will be: tf, snp, oligo_auc, oligo_pval, pbs, pval, batch, profile, length_bp
        note inner merge
        
Reason: Input files updated by another job: results/snp-selex/format_novel_batch.tsv

[Thu Dec 21 14:29:24 2023]
Finished job 4.
2 of 12 steps (17%) done
Removing temporary output results/snp-selex/format_novel_batch.tsv.
Select jobs to execute...

[Thu Dec 21 14:29:24 2023]
Job 3: 
        removes motifs that have PWM > 20
        
Reason: Input files updated by another job: results/snp-selex/add_profile_info_novel.tsv

[Thu Dec 21 14:29:24 2023]
Finished job 3.
3 of 12 steps (25%) done
Select jobs to execute...

[Thu Dec 21 14:29:24 2023]
Job 2: 
        columns will be: tf, snp, oligo_auc, oligo_pval, pbs, pval, batch, profile, length_bp, oligo_chrm, oligo_lbound, oligo_rbound
        
Reason: Missing output files: results/snp-selex/add_oligo_bounds_novel.tsv; Input files updated by another job: results/snp-selex/filter_long_motifs_novel.tsv

[Thu Dec 21 14:29:24 2023]
Finished job 2.
4 of 12 steps (33%) done
Removing temporary output results/snp-selex/filter_long_motifs_novel.tsv.
Select jobs to execute...
[Thu Dec 21 14:29:31 2023]
Finished job 15.
5 of 12 steps (42%) done

[Thu Dec 21 14:29:31 2023]
Job 14: 
        columns will be: tf, snp, oligo_auc, oligo_pval, pbs, pval, batch, profile, length_bp
        note inner merge
        
Reason: Input files updated by another job: results/snp-selex/format_original_batch.tsv

[Thu Dec 21 14:29:31 2023]
Finished job 14.
6 of 12 steps (50%) done
Removing temporary output results/snp-selex/format_original_batch.tsv.
Select jobs to execute...

[Thu Dec 21 14:29:31 2023]
Job 10: 
        Installs target genome(s) under install dir
        - Regex to filter down to main chromosomes
        - Default provider set to UCSC
        
Reason: Missing output files: resources/data/genome/hg38/hg38.fa.gz

Activating conda environment: ../../../../../../../../../../../../../home/tubbsca/snakemake_condas/ada2ba84c8bd6f04984fd5f5fda51637_
Terminating processes on user request, this might take some time.
[Thu Dec 21 14:30:04 2023]
Error in rule genome_install_genome:
    jobid: 10
    output: resources/data/genome/hg38/hg38.fa.gz
    log: workflow/logs/install_genome-hg38.stdout, workflow/logs/install_genome-hg38.stderr (check log file(s) for error details)
    conda-env: /home/tubbsca/snakemake_condas/ada2ba84c8bd6f04984fd5f5fda51637_
    shell:
        
        genomepy plugin enable blacklist &&
        genomepy install hg38         --provider UCSC         --genomes_dir resources/data/genome         --bgzip         --threads 4         --regex chr[0-9XY]+$
        
        (one of the commands exited with non-zero exit code; note that snakemake uses bash strict mode!)

Complete log: .snakemake/log/2023-12-21T142916.291732.snakemake.log
