Building DAG of jobs...
Using shell: /usr/bin/bash
Provided cores: 4
Rules claiming more threads will be scaled down.
Job stats:
job                       count
----------------------  -------
all                           1
selex_add_profile_info        2
selex_sort_batch              2
targets_make_targets          1
total                         6

Select jobs to execute...

[Fri Dec 22 08:40:08 2023]
Job 9: 
        Alphabetical sort on TF common name, necessary for merging laters.
        Note: tr is to ensure proper tab delimited
        
Reason: Code has changed since last execution


[Fri Dec 22 08:40:10 2023]
Job 2: 
        Alphabetical sort on TF common name, necessary for merging laters.
        Note: tr is to ensure proper tab delimited
        
Reason: Code has changed since last execution


[Fri Dec 22 08:40:10 2023]
rule targets_make_targets:
    output: results/snp-selex/target_list.txt
    jobid: 7
    reason: Code has changed since last execution
    resources: tmpdir=/tmp

[Fri Dec 22 08:40:10 2023]
Finished job 7.
1 of 6 steps (17%) done
[Fri Dec 22 08:40:15 2023]
Finished job 2.
2 of 6 steps (33%) done
Select jobs to execute...

[Fri Dec 22 08:40:15 2023]
Job 1: 
        columns will be: tf, snp, oligo_auc, oligo_pval, pbs, pval, batch, profile, length_bp
        note inner merge
        
Reason: Missing output files: results/snp-selex/add_profile_info_novel.tsv; Input files updated by another job: results/snp-selex/target_list.txt, results/snp-selex/sorted_novel_batch.tsv

[Fri Dec 22 08:40:16 2023]
Finished job 9.
3 of 6 steps (50%) done
Select jobs to execute...

[Fri Dec 22 08:40:16 2023]
Job 8: 
        columns will be: tf, snp, oligo_auc, oligo_pval, pbs, pval, batch, profile, length_bp
        note inner merge
        
Reason: Missing output files: results/snp-selex/add_profile_info_original.tsv; Input files updated by another job: results/snp-selex/sorted_original_batch.tsv, results/snp-selex/target_list.txt

[Fri Dec 22 08:40:18 2023]
Error in rule selex_add_profile_info:
    jobid: 1
    input: results/snp-selex/sorted_novel_batch.tsv, results/snp-selex/target_list.txt
    output: results/snp-selex/add_profile_info_novel.tsv
    shell:
        
        join -a1 -e NULL -o 1.1,1.2,1.3,1.4,1.5,1.6,1.7,2.2,2.3 results/snp-selex/sorted_novel_batch.tsv results/snp-selex/target_list.txt > results/snp-selex/add_profile_info_novel.tsv
        
        (one of the commands exited with non-zero exit code; note that snakemake uses bash strict mode!)

Removing output files of failed job selex_add_profile_info since they might be corrupted:
results/snp-selex/add_profile_info_novel.tsv
[Fri Dec 22 08:40:20 2023]
Error in rule selex_add_profile_info:
    jobid: 8
    input: results/snp-selex/sorted_original_batch.tsv, results/snp-selex/target_list.txt
    output: results/snp-selex/add_profile_info_original.tsv
    shell:
        
        join -a1 -e NULL -o 1.1,1.2,1.3,1.4,1.5,1.6,1.7,2.2,2.3 results/snp-selex/sorted_original_batch.tsv results/snp-selex/target_list.txt > results/snp-selex/add_profile_info_original.tsv
        
        (one of the commands exited with non-zero exit code; note that snakemake uses bash strict mode!)

Removing output files of failed job selex_add_profile_info since they might be corrupted:
results/snp-selex/add_profile_info_original.tsv
Shutting down, this might take some time.
Exiting because a job execution failed. Look above for error message
Complete log: .snakemake/log/2023-12-22T084004.606232.snakemake.log
