Building DAG of jobs...
Your conda installation is not configured to use strict channel priorities. This is however crucial for having robust and correct environments (for details, see https://conda-forge.org/docs/user/tipsandtricks.html). Please consider to configure strict priorities by executing 'conda config --set channel_priority strict'.
Using shell: /usr/bin/bash
Provided cores: 16
Rules claiming more threads will be scaled down.
Job stats:
job                         count
------------------------  -------
all                             1
selex_add_oligo_bounds          1
selex_filter_long_motifs        1
selex_make_oligo_fasta          1
selex_scan_oligo                2
total                           6

Select jobs to execute...

[Fri Dec 22 12:52:44 2023]
Job 12: 
        removes motifs that have PWM > 20
        
Reason: Missing output files: results/snp-selex/filter_long_motifs_1.tsv; Updated input files: results/snp-selex/add_profile_info_1.tsv

Activating conda environment: tfbs-activity

[Fri Dec 22 12:52:44 2023]
Job 17: 
        python test
        
Reason: Missing output files: results/snp-selex/scan_oligo_2.tsv

[Fri Dec 22 12:52:44 2023]
Finished job 12.
1 of 6 steps (17%) done
Removing temporary output results/snp-selex/add_profile_info_1.tsv.
Select jobs to execute...

[Fri Dec 22 12:52:44 2023]
Job 11: 
        columns will be: tf, snp, oligo_auc, oligo_pval, pbs, pval, batch, profile, length_bp, oligo_chrm, oligo_lbound, oligo_rbound
        
Reason: Missing output files: results/snp-selex/add_oligo_bounds_1.tsv; Input files updated by another job: results/snp-selex/filter_long_motifs_1.tsv

Activating conda environment: tfbs-activity
[Fri Dec 22 12:52:44 2023]
Error in rule selex_scan_oligo:
    jobid: 17
    input: results/snp-selex/make_oligo_fasta_2.fa
    output: results/snp-selex/scan_oligo_2.tsv

RuleException:
CalledProcessError in file /panfs/accrepfs.vampire/data/ruderferlab/projects/biovu/cnv/cre/CTCF-Variant-Annotation/snakemake/workflows/common/snp-selex/workflow/rules/selex.smk, line 176:
Command 'set -euo pipefail;  /accre/arch/easybuild/software/BinDist/Anaconda3/2022.05/bin/python /panfs/accrepfs.vampire/data/ruderferlab/projects/biovu/cnv/cre/CTCF-Variant-Annotation/snakemake/workflows/common/snp-selex/.snakemake/scripts/tmpe188mqa8.score.py' returned non-zero exit status 1.
  File "/panfs/accrepfs.vampire/data/ruderferlab/projects/biovu/cnv/cre/CTCF-Variant-Annotation/snakemake/workflows/common/snp-selex/workflow/rules/selex.smk", line 176, in __rule_scan_oligo
  File "/accre/arch/easybuild/software/BinDist/Anaconda3/2022.05/lib/python3.9/concurrent/futures/thread.py", line 58, in run
[Fri Dec 22 12:52:45 2023]
Finished job 11.
2 of 6 steps (33%) done
Removing temporary output results/snp-selex/filter_long_motifs_1.tsv.
Shutting down, this might take some time.
Exiting because a job execution failed. Look above for error message
Complete log: .snakemake/log/2023-12-22T125236.331823.snakemake.log
