Building DAG of jobs...
Using shell: /usr/bin/bash
Provided cores: 4
Rules claiming more threads will be scaled down.
Conda environments: ignored
Job stats:
job                            count
---------------------------  -------
all                                1
genome_install_genome              1
selex_add_oligo_bounds             2
selex_add_profile_info             2
selex_add_ref_sequence             2
selex_filter_long_motifs           2
selex_format_novel_batch           1
selex_format_original_batch        1
total                             12

Select jobs to execute...

[Thu Dec 21 14:16:25 2023]
Job 5: 
        columns will be: tf, snp, oligo_auc, oligo_pval, pbs, pval, batch
        
Reason: Code has changed since last execution


[Thu Dec 21 14:16:25 2023]
Job 15: 
        columns will be: tf, snp, oligo_auc, oligo_pval, pbs, pval, batch
        
Reason: Code has changed since last execution

[Thu Dec 21 14:16:25 2023]
Error in rule selex_format_novel_batch:
    jobid: 5
    input: resources/data/snp-selex/GSE118725_pbs.novel_batch.tsv
    output: results/snp-selex/format_novel_batch.tsv
    shell:
        
        tail -n +2 resources/data/snp-selex/GSE118725_pbs.novel_batch.tsv |
        awk -F'	' 'BEGIN {OFS = FS} {print $0, "novel"}' |
        sort -k1 -t $	' > results/snp-selex/format_novel_batch.tsv
        
        (one of the commands exited with non-zero exit code; note that snakemake uses bash strict mode!)

[Thu Dec 21 14:16:25 2023]
Error in rule selex_format_original_batch:
    jobid: 15
    input: resources/data/snp-selex/GSE118725_pbs.obs_pval05.tsv
    output: results/snp-selex/format_original_batch.tsv
    shell:
        
        tail -n +2 resources/data/snp-selex/GSE118725_pbs.obs_pval05.tsv |
        awk -F'	' 'BEGIN {OFS = FS} {split($1, id, "."); print id[1], $2, $3, $4, $9, $10, $5, $6}' |
        awk -F'	' 'BEGIN {OFS = FS} {gsub(/\:/, "_", $2); print $0}' |
        awk -F'	' 'BEGIN {OFS = FS} {gsub(/\-/, "_", $2); print $0}' |
        awk -F'	' 'BEGIN {OFS = FS} {split($2, oligo, "_"); print $1, oligo[1]"_"oligo[2]+20"_"$7"_"$8, $3, $4, $5, $6, "original"}' |
        sort -k1 -t $	' > results/snp-selex/format_original_batch.tsv
        
        (one of the commands exited with non-zero exit code; note that snakemake uses bash strict mode!)

Shutting down, this might take some time.
Exiting because a job execution failed. Look above for error message
Complete log: .snakemake/log/2023-12-21T141624.095172.snakemake.log
