Building DAG of jobs...
Using shell: /usr/bin/bash
Provided cores: 4
Rules claiming more threads will be scaled down.
Conda environments: ignored
Job stats:
job                            count
---------------------------  -------
all                                1
genome_install_genome              1
selex_add_oligo_bounds             2
selex_add_profile_info             2
selex_add_ref_sequence             2
selex_filter_long_motifs           2
selex_format_novel_batch           1
selex_format_original_batch        1
total                             12

Select jobs to execute...

[Thu Dec 21 14:20:24 2023]
Job 5: 
        columns will be: tf, snp, oligo_auc, oligo_pval, pbs, pval, batch
        
Reason: Code has changed since last execution


[Thu Dec 21 14:20:24 2023]
Job 15: 
        columns will be: tf, snp, oligo_auc, oligo_pval, pbs, pval, batch
        
Reason: Code has changed since last execution

[Thu Dec 21 14:20:25 2023]
Finished job 5.
1 of 12 steps (8%) done
Select jobs to execute...

[Thu Dec 21 14:20:25 2023]
Job 4: 
        columns will be: tf, snp, oligo_auc, oligo_pval, pbs, pval, batch, profile, length_bp
        note inner merge
        
Reason: Missing output files: results/snp-selex/add_profile_info_novel.tsv; Input files updated by another job: results/snp-selex/format_novel_batch.tsv

[Thu Dec 21 14:20:30 2023]
Error in rule selex_add_profile_info:
    jobid: 4
    input: results/snp-selex/format_novel_batch.tsv, results/snp-selex/target_list.txt
    output: results/snp-selex/add_profile_info_novel.tsv
    shell:
        
        join -t $"	" -e NULL         -o 1.1,1.2,1.3,1.4,1.5,1.6,1.7,2.2,2.3         <(sort -k1 -t $'	' results/snp-selex/format_novel_batch.tsv) <(sort -k1 -t $'	' results/snp-selex/target_list.txt) > results/snp-selex/add_profile_info_novel.tsv
        
        (one of the commands exited with non-zero exit code; note that snakemake uses bash strict mode!)

Removing output files of failed job selex_add_profile_info since they might be corrupted:
results/snp-selex/add_profile_info_novel.tsv
[Thu Dec 21 14:20:31 2023]
Finished job 15.
2 of 12 steps (17%) done
Shutting down, this might take some time.
Exiting because a job execution failed. Look above for error message
Complete log: .snakemake/log/2023-12-21T142023.127461.snakemake.log
