Building DAG of jobs...
Using shell: /usr/bin/bash
Provided cores: 4
Rules claiming more threads will be scaled down.
Job stats:
job                   count
------------------  -------
all                       1
selex_echo_targets        1
total                     2

Select jobs to execute...

[Thu Dec 28 13:41:41 2023]
Job 1: 
        Saves target list as tab delimited file
        
Reason: Missing output files: results/snp-selex/targets.txt

[Thu Dec 28 13:41:50 2023]
Finished job 1.
1 of 2 steps (50%) done
Select jobs to execute...

[Thu Dec 28 13:41:50 2023]
localrule all:
    input: results/snp-selex/targets.txt
    jobid: 0
    reason: Input files updated by another job: results/snp-selex/targets.txt
    resources: tmpdir=/tmp

[Thu Dec 28 13:41:50 2023]
Finished job 0.
2 of 2 steps (100%) done
Complete log: .snakemake/log/2023-12-28T134139.195770.snakemake.log
