Building DAG of jobs...
Using shell: /usr/bin/bash
Provided cores: 16
Rules claiming more threads will be scaled down.
Job stats:
job                                   count
----------------------------------  -------
all                                       1
setup_filter_names_to_human_jaspar        1
total                                     2

Select jobs to execute...

[Fri Dec 22 10:32:37 2023]
rule setup_filter_names_to_human_jaspar:
    input: results/snp-selex/target_names.txt
    output: results/snp-selex/names_in_jaspar.txt, results/snp-selex/filtered_names.txt
    jobid: 1
    reason: Missing output files: results/snp-selex/filtered_names.txt
    resources: tmpdir=/tmp

Activating conda environment: tfbs-activity
[Fri Dec 22 10:32:41 2023]
Error in rule setup_filter_names_to_human_jaspar:
    jobid: 1
    input: results/snp-selex/target_names.txt
    output: results/snp-selex/names_in_jaspar.txt, results/snp-selex/filtered_names.txt
    conda-env: tfbs-activity
    shell:
        
        coreapi get https://jaspar.elixir.no/api/v1/docs/
        coreapi action matrix list -p tax_id=9606 | jq ".results[].name" > results/snp-selex/names_in_jaspar.txt
        comm -12 <(sort results/snp-selex/target_names.txt) <(sort results/snp-selex/names_in_jaspar.txt) > results/snp-selex/names_in_jaspar.txt results/snp-selex/filtered_names.txt
        
        (one of the commands exited with non-zero exit code; note that snakemake uses bash strict mode!)

Removing output files of failed job setup_filter_names_to_human_jaspar since they might be corrupted:
results/snp-selex/names_in_jaspar.txt
Shutting down, this might take some time.
Exiting because a job execution failed. Look above for error message
Complete log: .snakemake/log/2023-12-22T103233.925940.snakemake.log
