Building DAG of jobs...
Using shell: /usr/bin/bash
Provided cores: 16
Rules claiming more threads will be scaled down.
Job stats:
job                    count
-------------------  -------
all                        1
setup_calculate_pwm        2
setup_setup_targets        1
total                      4

Select jobs to execute...

[Fri Dec 22 12:01:00 2023]
rule setup_calculate_pwm:
    input: resources/data/jaspar/MA0139.1.jaspar
    output: results/snp-selex/pwms/MA0139.1-pwm.txt
    jobid: 4
    reason: Missing output files: results/snp-selex/pwms/MA0139.1-pwm.txt
    wildcards: PROFILE=MA0139.1
    resources: tmpdir=/tmp

[Fri Dec 22 12:01:02 2023]
rule setup_setup_targets:
    output: results/snp-selex/targets.txt
    jobid: 1
    reason: Code has changed since last execution
    resources: tmpdir=/tmp

[Fri Dec 22 12:01:02 2023]
rule setup_calculate_pwm:
    input: resources/data/jaspar/MA0007.3.jaspar
    output: results/snp-selex/pwms/MA0007.3-pwm.txt
    jobid: 6
    reason: Missing output files: results/snp-selex/pwms/MA0007.3-pwm.txt
    wildcards: PROFILE=MA0007.3
    resources: tmpdir=/tmp

Activating conda environment: tfbs-activity
Activating conda environment: tfbs-activity
Activating conda environment: tfbs-activity
Activating conda environment: tfbs-activity
[Fri Dec 22 12:01:05 2023]
Finished job 4.
1 of 4 steps (25%) done
[Fri Dec 22 12:01:05 2023]
Finished job 6.
2 of 4 steps (50%) done
[Fri Dec 22 12:01:05 2023]
Finished job 1.
3 of 4 steps (75%) done
Select jobs to execute...

[Fri Dec 22 12:01:05 2023]
localrule all:
    input: results/snp-selex/targets.txt, resources/data/snp-selex/GSE118725_pbs.obs_pval05.tsv, resources/data/snp-selex/GSE118725_pbs.novel_batch.tsv, resources/software/PWMScan/matrix_prob, resources/software/PWMScan/matrix_scan, results/snp-selex/pwms/MA0139.1-pwm.txt, results/snp-selex/pwms/MA0007.3-pwm.txt
    jobid: 0
    reason: Input files updated by another job: results/snp-selex/targets.txt, results/snp-selex/pwms/MA0007.3-pwm.txt, results/snp-selex/pwms/MA0139.1-pwm.txt
    resources: tmpdir=/tmp

[Fri Dec 22 12:01:05 2023]
Finished job 0.
4 of 4 steps (100%) done
Complete log: .snakemake/log/2023-12-22T120059.343234.snakemake.log
