Building DAG of jobs...
Using shell: /usr/bin/bash
Provided cores: 16
Rules claiming more threads will be scaled down.
Job stats:
job                        count
-----------------------  -------
all                            1
setup_compile_pwmscan          1
setup_download_profiles        2
setup_install_datasets         1
total                          5

Select jobs to execute...

[Fri Dec 22 11:36:46 2023]
Job 3: 
        Downloads JASPAR matrix profile for all TFs in targets.
        
Reason: Missing output files: resources/data/data/jaspar/MA0139.1.jaspar


[Fri Dec 22 11:36:47 2023]
Job 4: 
        Downloads JASPAR matrix profile for all TFs in targets.
        
Reason: Missing output files: resources/data/data/jaspar/MA0007.3.jaspar


[Fri Dec 22 11:36:47 2023]
Job 1: 
        Download and upack selex data across both batches. 
        Batch_1 is original and batch_2 is novel.
        
Reason: Missing output files: resources/data/data/snp-selex/batch_2.tsv, resources/data/data/snp-selex/batch_1.tsv


[Fri Dec 22 11:36:47 2023]
Job 2: 
        Compiles PWMScan software. Note c99 mode is gcc call.
        
Reason: Missing output files: resources/data/software/PWMScan/matrix_scan, resources/data/software/PWMScan/matrix_prob

[Fri Dec 22 11:36:48 2023]
Finished job 2.
1 of 5 steps (20%) done
[Fri Dec 22 11:36:49 2023]
Finished job 4.
2 of 5 steps (40%) done
[Fri Dec 22 11:36:49 2023]
Finished job 3.
3 of 5 steps (60%) done
[Fri Dec 22 11:36:54 2023]
Finished job 1.
4 of 5 steps (80%) done
Select jobs to execute...

[Fri Dec 22 11:36:54 2023]
localrule all:
    input: resources/data/data/snp-selex/batch_1.tsv, resources/data/data/snp-selex/batch_2.tsv, resources/data/software/PWMScan/matrix_prob, resources/data/software/PWMScan/matrix_scan, resources/data/data/jaspar/MA0139.1.jaspar, resources/data/data/jaspar/MA0007.3.jaspar
    jobid: 0
    reason: Input files updated by another job: resources/data/data/snp-selex/batch_1.tsv, resources/data/data/jaspar/MA0007.3.jaspar, resources/data/data/jaspar/MA0139.1.jaspar, resources/data/software/PWMScan/matrix_scan, resources/data/software/PWMScan/matrix_prob, resources/data/data/snp-selex/batch_2.tsv
    resources: tmpdir=/tmp

[Fri Dec 22 11:36:54 2023]
Finished job 0.
5 of 5 steps (100%) done
Complete log: .snakemake/log/2023-12-22T113644.888753.snakemake.log
