Building DAG of jobs...
Your conda installation is not configured to use strict channel priorities. This is however crucial for having robust and correct environments (for details, see https://conda-forge.org/docs/user/tipsandtricks.html). Please consider to configure strict priorities by executing 'conda config --set channel_priority strict'.
Using shell: /usr/bin/bash
Provided cores: 16
Rules claiming more threads will be scaled down.
Job stats:
job                 count
----------------  -------
all                     1
selex_scan_oligo        2
total                   3

Select jobs to execute...

[Fri Dec 22 12:40:02 2023]
Job 9: 
        python test
        
Reason: Missing output files: results/snp-selex/scan_oligo_1.tsv

[Fri Dec 22 12:40:02 2023]
Job 17: 
        python test
        
Reason: Missing output files: results/snp-selex/scan_oligo_2.tsv

Waiting at most 5 seconds for missing files.
Terminating processes on user request, this might take some time.
Complete log: .snakemake/log/2023-12-22T123955.537017.snakemake.log
