Building DAG of jobs...
Your conda installation is not configured to use strict channel priorities. This is however crucial for having robust and correct environments (for details, see https://conda-forge.org/docs/user/tipsandtricks.html). Please consider to configure strict priorities by executing 'conda config --set channel_priority strict'.
Using shell: /usr/bin/bash
Provided cores: 16
Rules claiming more threads will be scaled down.
Job stats:
job                       count
----------------------  -------
all                           1
selex_make_oligo_fasta        1
selex_scan_oligo              1
total                         3

Select jobs to execute...

[Fri Dec 22 12:53:33 2023]
rule selex_make_oligo_fasta:
    input: results/snp-selex/add_oligo_bounds_1.tsv, resources/data/genome/hg19/hg19.fa.gz
    output: results/snp-selex/make_oligo_fasta_1.fa
    jobid: 10
    reason: Updated input files: results/snp-selex/add_oligo_bounds_1.tsv
    wildcards: batch=1
    resources: tmpdir=/tmp

[Fri Dec 22 12:53:35 2023]
Finished job 10.
1 of 3 steps (33%) done
Removing temporary output results/snp-selex/add_oligo_bounds_1.tsv.
Select jobs to execute...

[Fri Dec 22 12:53:35 2023]
Job 9: 
        python test
        
Reason: Missing output files: results/snp-selex/scan_oligo_1.tsv; Input files updated by another job: results/snp-selex/make_oligo_fasta_1.fa

[Fri Dec 22 12:53:35 2023]
Error in rule selex_scan_oligo:
    jobid: 9
    input: results/snp-selex/make_oligo_fasta_1.fa
    output: results/snp-selex/scan_oligo_1.tsv

RuleException:
CalledProcessError in file /panfs/accrepfs.vampire/data/ruderferlab/projects/biovu/cnv/cre/CTCF-Variant-Annotation/snakemake/workflows/common/snp-selex/workflow/rules/selex.smk, line 176:
Command 'set -euo pipefail;  /accre/arch/easybuild/software/BinDist/Anaconda3/2022.05/bin/python /panfs/accrepfs.vampire/data/ruderferlab/projects/biovu/cnv/cre/CTCF-Variant-Annotation/snakemake/workflows/common/snp-selex/.snakemake/scripts/tmpp5wiheyb.score.py' returned non-zero exit status 1.
  File "/panfs/accrepfs.vampire/data/ruderferlab/projects/biovu/cnv/cre/CTCF-Variant-Annotation/snakemake/workflows/common/snp-selex/workflow/rules/selex.smk", line 176, in __rule_scan_oligo
  File "/accre/arch/easybuild/software/BinDist/Anaconda3/2022.05/lib/python3.9/concurrent/futures/thread.py", line 58, in run
Shutting down, this might take some time.
Exiting because a job execution failed. Look above for error message
Complete log: .snakemake/log/2023-12-22T125326.482482.snakemake.log
