Building DAG of jobs...
Your conda installation is not configured to use strict channel priorities. This is however crucial for having robust and correct environments (for details, see https://conda-forge.org/docs/user/tipsandtricks.html). Please consider to configure strict priorities by executing 'conda config --set channel_priority strict'.
Using shell: /usr/bin/bash
Provided cores: 4
Rules claiming more threads will be scaled down.
Job stats:
job                            count
---------------------------  -------
all                                1
selex_add_oligo_bounds             2
selex_add_profile_info             2
selex_add_ref_sequence             2
selex_filter_long_motifs           2
selex_format_original_batch        1
total                             10

Select jobs to execute...

[Thu Dec 21 21:05:41 2023]
Job 4: 
        columns will be: tf, snp, oligo_auc, oligo_pval, pbs, pval, batch, profile, length_bp
        note inner merge
        
Reason: Updated input files: results/snp-selex/target_list.txt, results/snp-selex/format_novel_batch.tsv


[Thu Dec 21 21:05:41 2023]
Job 15: 
        columns will be: tf, snp, oligo_auc, oligo_pval, pbs, pval, batch
        
Reason: Missing output files: results/snp-selex/format_original_batch.tsv

Activating conda environment: tfbs-activity
[Thu Dec 21 21:05:41 2023]
Finished job 4.
1 of 10 steps (10%) done
Select jobs to execute...

[Thu Dec 21 21:05:41 2023]
Job 3: 
        removes motifs that have PWM > 20
        
Reason: Missing output files: results/snp-selex/filter_long_motifs_novel.tsv; Input files updated by another job: results/snp-selex/add_profile_info_novel.tsv

Activating conda environment: tfbs-activity
[Thu Dec 21 21:05:42 2023]
Error in rule selex_filter_long_motifs:
    jobid: 3
    input: results/snp-selex/add_profile_info_novel.tsv
    output: results/snp-selex/filter_long_motifs_novel.tsv
    conda-env: tfbs-activity
    shell:
        
        vawk {if($9 <= 20) print $0}' results/snp-selex/add_profile_info_novel.tsv > results/snp-selex/filter_long_motifs_novel.tsv
        
        (one of the commands exited with non-zero exit code; note that snakemake uses bash strict mode!)

[Thu Dec 21 21:05:52 2023]
Finished job 15.
2 of 10 steps (20%) done
Shutting down, this might take some time.
Exiting because a job execution failed. Look above for error message
Complete log: .snakemake/log/2023-12-21T210535.122245.snakemake.log
