Building DAG of jobs...
Your conda installation is not configured to use strict channel priorities. This is however crucial for having robust and correct environments (for details, see https://conda-forge.org/docs/user/tipsandtricks.html). Please consider to configure strict priorities by executing 'conda config --set channel_priority strict'.
Using shell: /usr/bin/bash
Provided cores: 12
Rules claiming more threads will be scaled down.
Job stats:
job                   count
------------------  -------
selex_all                 1
selex_final_format        1
total                     2

Select jobs to execute...

[Sat Jan 27 17:02:44 2024]
Job 3: 
        Formats results to BED+
        
Reason: Missing output files: results/snp-selex/snp-selex.combined.final.hg19.bed

Activating conda environment: ../../../../../../../../../../../../../home/tubbsca/snakemake_condas/449f9d46ef72aa1f59d5540553f8b467_
Activating conda environment: ../../../../../../../../../../../../../home/tubbsca/snakemake_condas/449f9d46ef72aa1f59d5540553f8b467_
[Sat Jan 27 17:02:58 2024]
Error in rule selex_final_format:
    jobid: 3
    input: results/snp-selex/snp-selex.combined.final.hg19.tsv, results/snp-selex/sequences.tsv
    output: results/snp-selex/snp-selex.combined.final.hg19.bed
    log: workflow/logs/final_format.stdout, workflow/logs/final_format.stderr (check log file(s) for error details)
    conda-env: /home/tubbsca/snakemake_condas/449f9d46ef72aa1f59d5540553f8b467_

RuleException:
CalledProcessError in file /panfs/accrepfs.vampire/data/ruderferlab/projects/biovu/cnv/cre/CTCF-Variant-Annotation/snakemake/workflows/common/snp-selex/workflow/rules/selex.smk, line 442:
Command 'source /panfs/accrepfs.vampire/home/tubbsca/miniforge-pypy3/bin/activate '/home/tubbsca/snakemake_condas/449f9d46ef72aa1f59d5540553f8b467_'; set -euo pipefail;  python /panfs/accrepfs.vampire/data/ruderferlab/projects/biovu/cnv/cre/CTCF-Variant-Annotation/snakemake/workflows/common/snp-selex/.snakemake/scripts/tmpgouo_yon.format.py' returned non-zero exit status 1.
  File "/panfs/accrepfs.vampire/data/ruderferlab/projects/biovu/cnv/cre/CTCF-Variant-Annotation/snakemake/workflows/common/snp-selex/workflow/rules/selex.smk", line 442, in __rule_final_format
  File "/accre/arch/easybuild/software/BinDist/Anaconda3/2022.05/lib/python3.9/concurrent/futures/thread.py", line 58, in run
Shutting down, this might take some time.
Exiting because a job execution failed. Look above for error message
Complete log: .snakemake/log/2024-01-27T170236.884103.snakemake.log
