Building DAG of jobs...
Your conda installation is not configured to use strict channel priorities. This is however crucial for having robust and correct environments (for details, see https://conda-forge.org/docs/user/tipsandtricks.html). Please consider to configure strict priorities by executing 'conda config --set channel_priority strict'.
Using shell: /usr/bin/bash
Provided cores: 12
Rules claiming more threads will be scaled down.
Job stats:
job                         count
------------------------  -------
all                             1
selex_add_oligo_bounds          2
selex_add_oligo_sequence        1
selex_add_profile_info          2
selex_combine_batches           1
selex_echo_targets              1
selex_filter_long_motifs        2
selex_flag_bound                1
selex_flag_pbvar                1
selex_format_batch_1            1
selex_format_batch_2            1
selex_make_oligo_fasta          1
selex_sort_batch                2
selex_sort_targets              1
total                          18

Select jobs to execute...

[Tue Jan  9 12:08:05 2024]
Job 2: 
        Saves target list as tab delimited file
        
Reason: Missing output files: results/snp-selex/targets.txt; Params have changed since last execution

[Tue Jan  9 12:08:05 2024]
Job 17: 
        Columns will be: tf, snp, oligo_auc, oligo_pval, pbs, pbs-pval, batch
        Notes:
        - tail removes header
        - vawk prints entire line, adds "novel" batch flag
        
Reason: Missing output files: results/snp-selex/format_batch_2.tsv

Activating conda environment: ../../../../../../../../../../../../../home/tubbsca/snakemake_condas/451e9b4fc947baa268fe7a385fb71f2b_

[Tue Jan  9 12:08:05 2024]
Job 11: 
        Columns will be: tf, snp, oligo_auc, oligo_pval, pbs, pbs-pval, batch
        Notes:
        - tail removes header
        - tr replaces :
        - vawk first split grabs TF from oligo ID
        - vawk gsub replace - in column 2
        - last vawk split formats oligo coords into vid to match novel batch format 
        
Reason: Missing output files: results/snp-selex/format_batch_1.tsv

Activating conda environment: ../../../../../../../../../../../../../home/tubbsca/snakemake_condas/451e9b4fc947baa268fe7a385fb71f2b_
Activating conda environment: ../../../../../../../../../../../../../home/tubbsca/snakemake_condas/451e9b4fc947baa268fe7a385fb71f2b_
Activating conda environment: ../../../../../../../../../../../../../home/tubbsca/snakemake_condas/451e9b4fc947baa268fe7a385fb71f2b_
[Tue Jan  9 12:08:06 2024]
Finished job 2.
1 of 18 steps (6%) done
Select jobs to execute...

[Tue Jan  9 12:08:06 2024]
Job 1: 
        Sorts target list under JOIN specs.
        
Reason: Input files updated by another job: results/snp-selex/targets.txt

Activating conda environment: ../../../../../../../../../../../../../home/tubbsca/snakemake_condas/451e9b4fc947baa268fe7a385fb71f2b_
[Tue Jan  9 12:08:06 2024]
Finished job 1.
2 of 18 steps (11%) done
Removing temporary output results/snp-selex/targets.txt.
[Tue Jan  9 12:08:08 2024]
Finished job 17.
3 of 18 steps (17%) done
Select jobs to execute...

[Tue Jan  9 12:08:08 2024]
Job 16: 
        Alphabetical sort on TF common name, necessary for merging laters.
        Note: tr is to ensure proper tab delimited. 
        Sort param -k 1b,1 is from recommendation from join people
        
Reason: Missing output files: results/snp-selex/sorted_batch_2.tsv; Input files updated by another job: results/snp-selex/format_batch_2.tsv

Activating conda environment: ../../../../../../../../../../../../../home/tubbsca/snakemake_condas/451e9b4fc947baa268fe7a385fb71f2b_
[Tue Jan  9 12:08:14 2024]
Finished job 16.
4 of 18 steps (22%) done
Removing temporary output results/snp-selex/format_batch_2.tsv.
Select jobs to execute...

[Tue Jan  9 12:08:14 2024]
Job 15: 
        columns will be: tf, snp, oligo_auc, oligo_pval, pbs, pval, batch, profile, length_bp
        note inner merge;  to left merge add -a1 -e "." flag for join
        tr is to convert output to tab delim
        
Reason: Missing output files: results/snp-selex/add_profile_info_2.tsv; Input files updated by another job: results/snp-selex/targets.sorted.txt, results/snp-selex/sorted_batch_2.tsv

Activating conda environment: ../../../../../../../../../../../../../home/tubbsca/snakemake_condas/451e9b4fc947baa268fe7a385fb71f2b_
[Tue Jan  9 12:08:16 2024]
Finished job 11.
5 of 18 steps (28%) done
Select jobs to execute...

[Tue Jan  9 12:08:16 2024]
Job 10: 
        Alphabetical sort on TF common name, necessary for merging laters.
        Note: tr is to ensure proper tab delimited. 
        Sort param -k 1b,1 is from recommendation from join people
        
Reason: Missing output files: results/snp-selex/sorted_batch_1.tsv; Input files updated by another job: results/snp-selex/format_batch_1.tsv

Activating conda environment: ../../../../../../../../../../../../../home/tubbsca/snakemake_condas/451e9b4fc947baa268fe7a385fb71f2b_
[Tue Jan  9 12:08:17 2024]
Finished job 15.
6 of 18 steps (33%) done
Removing temporary output results/snp-selex/sorted_batch_2.tsv.
Select jobs to execute...

[Tue Jan  9 12:08:17 2024]
Job 14: 
        removes motifs that have PWM > 20
        
Reason: Missing output files: results/snp-selex/filter_long_motifs_2.tsv; Input files updated by another job: results/snp-selex/add_profile_info_2.tsv

Activating conda environment: ../../../../../../../../../../../../../home/tubbsca/snakemake_condas/451e9b4fc947baa268fe7a385fb71f2b_
[Tue Jan  9 12:08:19 2024]
Finished job 14.
7 of 18 steps (39%) done
Removing temporary output results/snp-selex/add_profile_info_2.tsv.
Select jobs to execute...

[Tue Jan  9 12:08:19 2024]
Job 13: 
        columns will be: tf, snp, oligo_auc, oligo_pval, pbs, pval, batch, profile, length_bp, oligo_chrm, oligo_lbound, oligo_rbound
        Note: the arithmetic on the right oligo bound...this is to ensure the variant can be inlucded in the sliding window.
        
Reason: Input files updated by another job: results/snp-selex/filter_long_motifs_2.tsv

Activating conda environment: ../../../../../../../../../../../../../home/tubbsca/snakemake_condas/451e9b4fc947baa268fe7a385fb71f2b_
[Tue Jan  9 12:08:23 2024]
Finished job 10.
8 of 18 steps (44%) done
Removing temporary output results/snp-selex/format_batch_1.tsv.
Select jobs to execute...

[Tue Jan  9 12:08:23 2024]
Job 9: 
        columns will be: tf, snp, oligo_auc, oligo_pval, pbs, pval, batch, profile, length_bp
        note inner merge;  to left merge add -a1 -e "." flag for join
        tr is to convert output to tab delim
        
Reason: Missing output files: results/snp-selex/add_profile_info_1.tsv; Input files updated by another job: results/snp-selex/targets.sorted.txt, results/snp-selex/sorted_batch_1.tsv

Activating conda environment: ../../../../../../../../../../../../../home/tubbsca/snakemake_condas/451e9b4fc947baa268fe7a385fb71f2b_
[Tue Jan  9 12:08:23 2024]
Finished job 13.
9 of 18 steps (50%) done
Removing temporary output results/snp-selex/filter_long_motifs_2.tsv.
[Tue Jan  9 12:08:27 2024]
Finished job 9.
10 of 18 steps (56%) done
Removing temporary output results/snp-selex/sorted_batch_1.tsv.
Select jobs to execute...

[Tue Jan  9 12:08:27 2024]
Job 8: 
        removes motifs that have PWM > 20
        
Reason: Missing output files: results/snp-selex/filter_long_motifs_1.tsv; Input files updated by another job: results/snp-selex/add_profile_info_1.tsv

Activating conda environment: ../../../../../../../../../../../../../home/tubbsca/snakemake_condas/451e9b4fc947baa268fe7a385fb71f2b_
[Tue Jan  9 12:08:30 2024]
Finished job 8.
11 of 18 steps (61%) done
Removing temporary output results/snp-selex/add_profile_info_1.tsv.
Select jobs to execute...

[Tue Jan  9 12:08:30 2024]
Job 7: 
        columns will be: tf, snp, oligo_auc, oligo_pval, pbs, pval, batch, profile, length_bp, oligo_chrm, oligo_lbound, oligo_rbound
        Note: the arithmetic on the right oligo bound...this is to ensure the variant can be inlucded in the sliding window.
        
Reason: Input files updated by another job: results/snp-selex/filter_long_motifs_1.tsv

Activating conda environment: ../../../../../../../../../../../../../home/tubbsca/snakemake_condas/451e9b4fc947baa268fe7a385fb71f2b_
[Tue Jan  9 12:08:34 2024]
Finished job 7.
12 of 18 steps (67%) done
Removing temporary output results/snp-selex/filter_long_motifs_1.tsv.
Select jobs to execute...

[Tue Jan  9 12:08:34 2024]
Job 6: 
        Combines data from both batches into single file.
        
Reason: Missing output files: results/snp-selex/combine_batches.tsv; Input files updated by another job: results/snp-selex/add_oligo_bounds_1.tsv, results/snp-selex/add_oligo_bounds_2.tsv

Activating conda environment: ../../../../../../../../../../../../../home/tubbsca/snakemake_condas/451e9b4fc947baa268fe7a385fb71f2b_
[Tue Jan  9 12:08:35 2024]
Finished job 6.
13 of 18 steps (72%) done
Select jobs to execute...

[Tue Jan  9 12:08:35 2024]
Job 5: 
        Adds flag for whether the REF allele is bound. OBS P-value < 0.05 from gvatDB.
        
Reason: Missing output files: results/snp-selex/snp-selex.combined.bound.tsv; Input files updated by another job: results/snp-selex/combine_batches.tsv

Activating conda environment: ../../../../../../../../../../../../../home/tubbsca/snakemake_condas/451e9b4fc947baa268fe7a385fb71f2b_
[Tue Jan  9 12:08:40 2024]
Finished job 5.
14 of 18 steps (78%) done
Removing temporary output results/snp-selex/combine_batches.tsv.
Select jobs to execute...

[Tue Jan  9 12:08:40 2024]
Job 4: 
        Adds flag for whether the variant in PB. PBS P-value < 0.01 from gvatDB.
        
Reason: Input files updated by another job: results/snp-selex/snp-selex.combined.bound.tsv

Activating conda environment: ../../../../../../../../../../../../../home/tubbsca/snakemake_condas/451e9b4fc947baa268fe7a385fb71f2b_
[Tue Jan  9 12:08:44 2024]
Finished job 4.
15 of 18 steps (83%) done
Removing temporary output results/snp-selex/snp-selex.combined.bound.tsv.
Select jobs to execute...

[Tue Jan  9 12:08:44 2024]
Job 18: 
        Note ID formatting for 4th column in BED
        
Reason: Missing output files: results/snp-selex/update/make_oligo_fasta.fa; Input files updated by another job: results/snp-selex/snp-selex.combined.pbvar.tsv

Activating conda environment: ../../../../../../../../../../../../../home/tubbsca/snakemake_condas/451e9b4fc947baa268fe7a385fb71f2b_
[Tue Jan  9 12:13:38 2024]
Finished job 18.
16 of 18 steps (89%) done
Select jobs to execute...

[Tue Jan  9 12:13:38 2024]
Job 3: 
        Adds oligo sequence from FASTA to matrix
        
Reason: Missing output files: results/snp-selex/update/snp-selex.combined.final.tsv; Input files updated by another job: results/snp-selex/snp-selex.combined.pbvar.tsv, results/snp-selex/update/make_oligo_fasta.fa

Activating conda environment: ../../../../../../../../../../../../../home/tubbsca/snakemake_condas/451e9b4fc947baa268fe7a385fb71f2b_
[Tue Jan  9 12:13:39 2024]
Finished job 3.
17 of 18 steps (94%) done
Removing temporary output results/snp-selex/snp-selex.combined.pbvar.tsv.
Removing temporary output results/snp-selex/update/make_oligo_fasta.fa.
Select jobs to execute...

[Tue Jan  9 12:13:39 2024]
localrule all:
    input: results/snp-selex/targets.sorted.txt, results/snp-selex/update/snp-selex.combined.final.tsv
    jobid: 0
    reason: Input files updated by another job: results/snp-selex/targets.sorted.txt, results/snp-selex/update/snp-selex.combined.final.tsv
    resources: tmpdir=/tmp

[Tue Jan  9 12:13:39 2024]
Finished job 0.
18 of 18 steps (100%) done
Complete log: .snakemake/log/2024-01-09T120800.711864.snakemake.log
