Building DAG of jobs...
Your conda installation is not configured to use strict channel priorities. This is however crucial for having robust and correct environments (for details, see https://conda-forge.org/docs/user/tipsandtricks.html). Please consider to configure strict priorities by executing 'conda config --set channel_priority strict'.
Using shell: /usr/bin/bash
Provided cores: 12
Rules claiming more threads will be scaled down.
Job stats:
job                                  count
---------------------------------  -------
selex_add_oligo_bounds                   2
selex_add_oligo_sequence                 1
selex_all                                1
selex_combine_batches                    1
selex_extract_deltasvm_supplement        1
selex_final_format                       1
selex_flag_bound                         1
selex_flag_pbvar                         1
selex_format_batch_1                     1
selex_format_batch_2                     1
selex_make_oligo_fasta                   1
total                                   12

Select jobs to execute...

[Sat Jan 27 10:21:07 2024]
Job 1: 
        Formats raw data download to bed format.
        
Reason: Missing output files: results/snp-selex/deltasvm.supplement.snvs.hg19.bed

Activating conda environment: ../../../../../../../../../../../../../home/tubbsca/snakemake_condas/449f9d46ef72aa1f59d5540553f8b467_

[Sat Jan 27 10:21:07 2024]
Job 9: 
        Columns will be: tf, snp, oligo_auc, oligo_pval, pbs, pbs-pval, batch
        Notes:
        - tail removes header
        - tr replaces :
        - vawk first split grabs TF from oligo ID
        - vawk gsub replace - in column 2
        - last vawk split formats oligo coords into vid to match novel batch format 
        
Reason: Missing output files: results/snp-selex/format_batch_1.tsv

Activating conda environment: ../../../../../../../../../../../../../home/tubbsca/snakemake_condas/449f9d46ef72aa1f59d5540553f8b467_

[Sat Jan 27 10:21:07 2024]
Job 12: 
        Columns will be: tf, snp, oligo_auc, oligo_pval, pbs, pbs-pval, batch
        Notes:
        - tail removes header
        - vawk prints entire line, adds "novel" batch flag
        
Reason: Missing output files: results/snp-selex/format_batch_2.tsv

Activating conda environment: ../../../../../../../../../../../../../home/tubbsca/snakemake_condas/449f9d46ef72aa1f59d5540553f8b467_
[Sat Jan 27 10:21:14 2024]
Finished job 12.
1 of 12 steps (8%) done
Select jobs to execute...

[Sat Jan 27 10:21:14 2024]
Job 11: 
        columns will be: tf, snp, oligo_auc, oligo_pval, pbs, pval, batch, profile, length_bp, oligo_chrm, oligo_lbound, oligo_rbound
        Note: the arithmetic on the right oligo bound...this is to ensure the variant can be inlucded in the sliding window.
        
Reason: Missing output files: results/snp-selex/add_oligo_bounds_2.tsv; Input files updated by another job: results/snp-selex/format_batch_2.tsv

Activating conda environment: ../../../../../../../../../../../../../home/tubbsca/snakemake_condas/449f9d46ef72aa1f59d5540553f8b467_
[Sat Jan 27 10:21:30 2024]
Finished job 11.
2 of 12 steps (17%) done
Removing temporary output results/snp-selex/format_batch_2.tsv.
[Sat Jan 27 10:21:31 2024]
Finished job 9.
3 of 12 steps (25%) done
Select jobs to execute...

[Sat Jan 27 10:21:31 2024]
Job 8: 
        columns will be: tf, snp, oligo_auc, oligo_pval, pbs, pval, batch, profile, length_bp, oligo_chrm, oligo_lbound, oligo_rbound
        Note: the arithmetic on the right oligo bound...this is to ensure the variant can be inlucded in the sliding window.
        
Reason: Missing output files: results/snp-selex/add_oligo_bounds_1.tsv; Input files updated by another job: results/snp-selex/format_batch_1.tsv

Activating conda environment: ../../../../../../../../../../../../../home/tubbsca/snakemake_condas/449f9d46ef72aa1f59d5540553f8b467_
[Sat Jan 27 10:21:32 2024]
Finished job 1.
4 of 12 steps (33%) done
[Sat Jan 27 10:21:51 2024]
Finished job 8.
5 of 12 steps (42%) done
Removing temporary output results/snp-selex/format_batch_1.tsv.
Select jobs to execute...

[Sat Jan 27 10:21:51 2024]
Job 7: 
        Combines data from both batches into single file.
        
Reason: Missing output files: results/snp-selex/combine_batches.tsv; Input files updated by another job: results/snp-selex/add_oligo_bounds_2.tsv, results/snp-selex/add_oligo_bounds_1.tsv

Activating conda environment: ../../../../../../../../../../../../../home/tubbsca/snakemake_condas/449f9d46ef72aa1f59d5540553f8b467_
[Sat Jan 27 10:21:55 2024]
Finished job 7.
6 of 12 steps (50%) done
Removing temporary output results/snp-selex/add_oligo_bounds_1.tsv.
Removing temporary output results/snp-selex/add_oligo_bounds_2.tsv.
Select jobs to execute...

[Sat Jan 27 10:21:55 2024]
Job 6: 
        Adds flag for whether the REF allele is bound. OBS P-value < 0.05 from gvatDB.
        
Reason: Missing output files: results/snp-selex/flag_bound.tsv; Input files updated by another job: results/snp-selex/combine_batches.tsv

Activating conda environment: ../../../../../../../../../../../../../home/tubbsca/snakemake_condas/449f9d46ef72aa1f59d5540553f8b467_
[Sat Jan 27 10:22:21 2024]
Finished job 6.
7 of 12 steps (58%) done
Removing temporary output results/snp-selex/combine_batches.tsv.
Select jobs to execute...

[Sat Jan 27 10:22:21 2024]
Job 5: 
        Adds flag for whether the variant in PB. PBS P-value < 0.01 from gvatDB.
        
Reason: Missing output files: results/snp-selex/flag_pbvar.tsv; Input files updated by another job: results/snp-selex/flag_bound.tsv

Activating conda environment: ../../../../../../../../../../../../../home/tubbsca/snakemake_condas/449f9d46ef72aa1f59d5540553f8b467_
[Sat Jan 27 10:22:47 2024]
Finished job 5.
8 of 12 steps (67%) done
Removing temporary output results/snp-selex/flag_bound.tsv.
Select jobs to execute...

[Sat Jan 27 10:22:47 2024]
Job 13: 
        Note ID formatting for 4th column in BED
        
Reason: Missing output files: results/snp-selex/oligo_seqs.fa; Input files updated by another job: results/snp-selex/flag_pbvar.tsv

Activating conda environment: ../../../../../../../../../../../../../home/tubbsca/snakemake_condas/449f9d46ef72aa1f59d5540553f8b467_
[Sat Jan 27 10:23:27 2024]
Error in rule selex_make_oligo_fasta:
    jobid: 13
    input: results/snp-selex/flag_pbvar.tsv, resources/data/genome/hg19/hg19.fa.gz
    output: results/snp-selex/oligo_seqs.fa
    log: workflow/logs/make_oligo_fasta.stdout, workflow/logs/make_oligo_fasta.stderr (check log file(s) for error details)
    conda-env: /home/tubbsca/snakemake_condas/449f9d46ef72aa1f59d5540553f8b467_
    shell:
        
        vawk '{print $10, $11, $12, $2"-"$8"-"$9}' results/snp-selex/flag_pbvar.tsv |
        bedtools getfasta -fi resources/data/genome/hg19/hg19.fa.gz -bed stdin -nameOnly > results/snp-selex/oligo_seqs.fa
        
        (one of the commands exited with non-zero exit code; note that snakemake uses bash strict mode!)

Removing output files of failed job selex_make_oligo_fasta since they might be corrupted:
results/snp-selex/oligo_seqs.fa
Shutting down, this might take some time.
Exiting because a job execution failed. Look above for error message
Complete log: .snakemake/log/2024-01-27T102056.889084.snakemake.log
