Building DAG of jobs...
Your conda installation is not configured to use strict channel priorities. This is however crucial for having robust and correct environments (for details, see https://conda-forge.org/docs/user/tipsandtricks.html). Please consider to configure strict priorities by executing 'conda config --set channel_priority strict'.
Using shell: /usr/bin/bash
Provided cores: 12
Rules claiming more threads will be scaled down.
Job stats:
job                                   count
----------------------------------  -------
all                                       1
selex_add_oligo_bounds                    2
selex_add_oligo_sequence                  1
selex_add_profile_info                    2
selex_combine_batches                     1
selex_download_deltasvm_supplement        1
selex_echo_targets                        1
selex_extract_deltasvm_supplement         1
selex_filter_long_motifs                  2
selex_flag_bound                          1
selex_flag_pbvar                          1
selex_format_batch_1                      1
selex_format_batch_2                      1
selex_make_oligo_fasta                    1
selex_sort_batch                          2
selex_sort_targets                        1
total                                    20

Select jobs to execute...

[Tue Jan  9 12:36:14 2024]
Job 2: 
        Saves target list as tab delimited file
        
Reason: Missing output files: results/snp-selex/targets.txt

[Tue Jan  9 12:36:15 2024]
Job 4: 
        link 
        https://static-content.springer.com/esm/art%3A10.1038%2Fs41586-021-03211-0/MediaObjects/41586_2021_3211_MOESM14_ESM.csv
        
Reason: Missing output files: resources/data/snp-selex/41586_2021_3211_MOESM14_ESM.csv

Activating conda environment: ../../../../../../../../../../../../../home/tubbsca/snakemake_condas/451e9b4fc947baa268fe7a385fb71f2b_

[Tue Jan  9 12:36:15 2024]
Job 19: 
        Columns will be: tf, snp, oligo_auc, oligo_pval, pbs, pbs-pval, batch
        Notes:
        - tail removes header
        - vawk prints entire line, adds "novel" batch flag
        
Reason: Missing output files: results/snp-selex/format_batch_2.tsv

Activating conda environment: ../../../../../../../../../../../../../home/tubbsca/snakemake_condas/451e9b4fc947baa268fe7a385fb71f2b_

[Tue Jan  9 12:36:15 2024]
Job 13: 
        Columns will be: tf, snp, oligo_auc, oligo_pval, pbs, pbs-pval, batch
        Notes:
        - tail removes header
        - tr replaces :
        - vawk first split grabs TF from oligo ID
        - vawk gsub replace - in column 2
        - last vawk split formats oligo coords into vid to match novel batch format 
        
Reason: Missing output files: results/snp-selex/format_batch_1.tsv

Activating conda environment: ../../../../../../../../../../../../../home/tubbsca/snakemake_condas/451e9b4fc947baa268fe7a385fb71f2b_
Activating conda environment: ../../../../../../../../../../../../../home/tubbsca/snakemake_condas/451e9b4fc947baa268fe7a385fb71f2b_
Activating conda environment: ../../../../../../../../../../../../../home/tubbsca/snakemake_condas/451e9b4fc947baa268fe7a385fb71f2b_
[Tue Jan  9 12:36:16 2024]
Finished job 4.
1 of 20 steps (5%) done
Select jobs to execute...

[Tue Jan  9 12:36:16 2024]
Job 3: 
        Formats data to bed
        
Reason: Missing output files: results/snp-selex/deltasvm.supplement.snvs.hg38.bed; Input files updated by another job: resources/data/snp-selex/41586_2021_3211_MOESM14_ESM.csv

Activating conda environment: ../../../../../../../../../../../../../home/tubbsca/snakemake_condas/451e9b4fc947baa268fe7a385fb71f2b_
[Tue Jan  9 12:36:16 2024]
Finished job 2.
2 of 20 steps (10%) done
Select jobs to execute...

[Tue Jan  9 12:36:16 2024]
Job 1: 
        Sorts target list under JOIN specs.
        
Reason: Missing output files: results/snp-selex/targets.sorted.txt; Input files updated by another job: results/snp-selex/targets.txt

Activating conda environment: ../../../../../../../../../../../../../home/tubbsca/snakemake_condas/451e9b4fc947baa268fe7a385fb71f2b_
[Tue Jan  9 12:36:16 2024]
Finished job 1.
3 of 20 steps (15%) done
Removing temporary output results/snp-selex/targets.txt.
[Tue Jan  9 12:36:18 2024]
Finished job 19.
4 of 20 steps (20%) done
Select jobs to execute...

[Tue Jan  9 12:36:18 2024]
Job 18: 
        Alphabetical sort on TF common name, necessary for merging laters.
        Note: tr is to ensure proper tab delimited. 
        Sort param -k 1b,1 is from recommendation from join people
        
Reason: Missing output files: results/snp-selex/sorted_batch_2.tsv; Input files updated by another job: results/snp-selex/format_batch_2.tsv

Activating conda environment: ../../../../../../../../../../../../../home/tubbsca/snakemake_condas/451e9b4fc947baa268fe7a385fb71f2b_
[Tue Jan  9 12:36:24 2024]
Finished job 18.
5 of 20 steps (25%) done
Removing temporary output results/snp-selex/format_batch_2.tsv.
Select jobs to execute...

[Tue Jan  9 12:36:24 2024]
Job 17: 
        columns will be: tf, snp, oligo_auc, oligo_pval, pbs, pval, batch, profile, length_bp
        note inner merge;  to left merge add -a1 -e "." flag for join
        tr is to convert output to tab delim
        
Reason: Missing output files: results/snp-selex/add_profile_info_2.tsv; Input files updated by another job: results/snp-selex/sorted_batch_2.tsv, results/snp-selex/targets.sorted.txt

Activating conda environment: ../../../../../../../../../../../../../home/tubbsca/snakemake_condas/451e9b4fc947baa268fe7a385fb71f2b_
[Tue Jan  9 12:36:25 2024]
Finished job 13.
6 of 20 steps (30%) done
Select jobs to execute...

[Tue Jan  9 12:36:25 2024]
Job 12: 
        Alphabetical sort on TF common name, necessary for merging laters.
        Note: tr is to ensure proper tab delimited. 
        Sort param -k 1b,1 is from recommendation from join people
        
Reason: Missing output files: results/snp-selex/sorted_batch_1.tsv; Input files updated by another job: results/snp-selex/format_batch_1.tsv

Activating conda environment: ../../../../../../../../../../../../../home/tubbsca/snakemake_condas/451e9b4fc947baa268fe7a385fb71f2b_
[Tue Jan  9 12:36:26 2024]
Finished job 3.
7 of 20 steps (35%) done
[Tue Jan  9 12:36:27 2024]
Finished job 17.
8 of 20 steps (40%) done
Removing temporary output results/snp-selex/sorted_batch_2.tsv.
Select jobs to execute...

[Tue Jan  9 12:36:27 2024]
Job 16: 
        removes motifs that have PWM > 20
        
Reason: Missing output files: results/snp-selex/filter_long_motifs_2.tsv; Input files updated by another job: results/snp-selex/add_profile_info_2.tsv

Activating conda environment: ../../../../../../../../../../../../../home/tubbsca/snakemake_condas/451e9b4fc947baa268fe7a385fb71f2b_
[Tue Jan  9 12:36:29 2024]
Finished job 16.
9 of 20 steps (45%) done
Removing temporary output results/snp-selex/add_profile_info_2.tsv.
Select jobs to execute...

[Tue Jan  9 12:36:29 2024]
Job 15: 
        columns will be: tf, snp, oligo_auc, oligo_pval, pbs, pval, batch, profile, length_bp, oligo_chrm, oligo_lbound, oligo_rbound
        Note: the arithmetic on the right oligo bound...this is to ensure the variant can be inlucded in the sliding window.
        
Reason: Missing output files: results/snp-selex/add_oligo_bounds_2.tsv; Input files updated by another job: results/snp-selex/filter_long_motifs_2.tsv

Activating conda environment: ../../../../../../../../../../../../../home/tubbsca/snakemake_condas/451e9b4fc947baa268fe7a385fb71f2b_
[Tue Jan  9 12:36:32 2024]
Finished job 12.
10 of 20 steps (50%) done
Removing temporary output results/snp-selex/format_batch_1.tsv.
Select jobs to execute...

[Tue Jan  9 12:36:32 2024]
Job 11: 
        columns will be: tf, snp, oligo_auc, oligo_pval, pbs, pval, batch, profile, length_bp
        note inner merge;  to left merge add -a1 -e "." flag for join
        tr is to convert output to tab delim
        
Reason: Missing output files: results/snp-selex/add_profile_info_1.tsv; Input files updated by another job: results/snp-selex/sorted_batch_1.tsv, results/snp-selex/targets.sorted.txt

Activating conda environment: ../../../../../../../../../../../../../home/tubbsca/snakemake_condas/451e9b4fc947baa268fe7a385fb71f2b_
[Tue Jan  9 12:36:33 2024]
Finished job 15.
11 of 20 steps (55%) done
Removing temporary output results/snp-selex/filter_long_motifs_2.tsv.
[Tue Jan  9 12:36:37 2024]
Finished job 11.
12 of 20 steps (60%) done
Removing temporary output results/snp-selex/sorted_batch_1.tsv.
Select jobs to execute...

[Tue Jan  9 12:36:37 2024]
Job 10: 
        removes motifs that have PWM > 20
        
Reason: Missing output files: results/snp-selex/filter_long_motifs_1.tsv; Input files updated by another job: results/snp-selex/add_profile_info_1.tsv

Activating conda environment: ../../../../../../../../../../../../../home/tubbsca/snakemake_condas/451e9b4fc947baa268fe7a385fb71f2b_
[Tue Jan  9 12:36:39 2024]
Finished job 10.
13 of 20 steps (65%) done
Removing temporary output results/snp-selex/add_profile_info_1.tsv.
Select jobs to execute...

[Tue Jan  9 12:36:39 2024]
Job 9: 
        columns will be: tf, snp, oligo_auc, oligo_pval, pbs, pval, batch, profile, length_bp, oligo_chrm, oligo_lbound, oligo_rbound
        Note: the arithmetic on the right oligo bound...this is to ensure the variant can be inlucded in the sliding window.
        
Reason: Missing output files: results/snp-selex/add_oligo_bounds_1.tsv; Input files updated by another job: results/snp-selex/filter_long_motifs_1.tsv

Activating conda environment: ../../../../../../../../../../../../../home/tubbsca/snakemake_condas/451e9b4fc947baa268fe7a385fb71f2b_
[Tue Jan  9 12:36:44 2024]
Finished job 9.
14 of 20 steps (70%) done
Removing temporary output results/snp-selex/filter_long_motifs_1.tsv.
Select jobs to execute...

[Tue Jan  9 12:36:44 2024]
Job 8: 
        Combines data from both batches into single file.
        
Reason: Missing output files: results/snp-selex/combine_batches.tsv; Input files updated by another job: results/snp-selex/add_oligo_bounds_2.tsv, results/snp-selex/add_oligo_bounds_1.tsv

Activating conda environment: ../../../../../../../../../../../../../home/tubbsca/snakemake_condas/451e9b4fc947baa268fe7a385fb71f2b_
[Tue Jan  9 12:36:44 2024]
Finished job 8.
15 of 20 steps (75%) done
Removing temporary output results/snp-selex/add_oligo_bounds_1.tsv.
Removing temporary output results/snp-selex/add_oligo_bounds_2.tsv.
Select jobs to execute...

[Tue Jan  9 12:36:44 2024]
Job 7: 
        Adds flag for whether the REF allele is bound. OBS P-value < 0.05 from gvatDB.
        
Reason: Missing output files: results/snp-selex/snp-selex.combined.bound.tsv; Input files updated by another job: results/snp-selex/combine_batches.tsv

Activating conda environment: ../../../../../../../../../../../../../home/tubbsca/snakemake_condas/451e9b4fc947baa268fe7a385fb71f2b_
[Tue Jan  9 12:36:49 2024]
Finished job 7.
16 of 20 steps (80%) done
Removing temporary output results/snp-selex/combine_batches.tsv.
Select jobs to execute...

[Tue Jan  9 12:36:49 2024]
Job 6: 
        Adds flag for whether the variant in PB. PBS P-value < 0.01 from gvatDB.
        
Reason: Missing output files: results/snp-selex/snp-selex.combined.pbvar.tsv; Input files updated by another job: results/snp-selex/snp-selex.combined.bound.tsv

Activating conda environment: ../../../../../../../../../../../../../home/tubbsca/snakemake_condas/451e9b4fc947baa268fe7a385fb71f2b_
[Tue Jan  9 12:36:54 2024]
Finished job 6.
17 of 20 steps (85%) done
Removing temporary output results/snp-selex/snp-selex.combined.bound.tsv.
Select jobs to execute...

[Tue Jan  9 12:36:54 2024]
Job 20: 
        Note ID formatting for 4th column in BED
        
Reason: Missing output files: results/snp-selex/make_oligo_fasta.fa; Input files updated by another job: results/snp-selex/snp-selex.combined.pbvar.tsv

Activating conda environment: ../../../../../../../../../../../../../home/tubbsca/snakemake_condas/451e9b4fc947baa268fe7a385fb71f2b_
[Tue Jan  9 12:41:41 2024]
Finished job 20.
18 of 20 steps (90%) done
Select jobs to execute...

[Tue Jan  9 12:41:41 2024]
Job 5: 
        Adds oligo sequence from FASTA to matrix
        
Reason: Missing output files: results/snp-selex/snp-selex.combined.final.hg38.tsv; Input files updated by another job: results/snp-selex/snp-selex.combined.pbvar.tsv, results/snp-selex/make_oligo_fasta.fa

Activating conda environment: ../../../../../../../../../../../../../home/tubbsca/snakemake_condas/451e9b4fc947baa268fe7a385fb71f2b_
[Tue Jan  9 12:41:43 2024]
Finished job 5.
19 of 20 steps (95%) done
Removing temporary output results/snp-selex/snp-selex.combined.pbvar.tsv.
Removing temporary output results/snp-selex/make_oligo_fasta.fa.
Removing temporary output results/snp-selex/sequences.tsv.
Select jobs to execute...

[Tue Jan  9 12:41:43 2024]
localrule all:
    input: results/snp-selex/targets.sorted.txt, results/snp-selex/deltasvm.supplement.snvs.hg38.bed, results/snp-selex/snp-selex.combined.final.hg38.tsv
    jobid: 0
    reason: Input files updated by another job: results/snp-selex/deltasvm.supplement.snvs.hg38.bed, results/snp-selex/snp-selex.combined.final.hg38.tsv, results/snp-selex/targets.sorted.txt
    resources: tmpdir=/tmp

[Tue Jan  9 12:41:43 2024]
Finished job 0.
20 of 20 steps (100%) done
Complete log: .snakemake/log/2024-01-09T123610.135014.snakemake.log
