Building DAG of jobs...
Your conda installation is not configured to use strict channel priorities. This is however crucial for having robust and correct environments (for details, see https://conda-forge.org/docs/user/tipsandtricks.html). Please consider to configure strict priorities by executing 'conda config --set channel_priority strict'.
Creating conda environment workflow/envs/snp-selex.yaml...
Downloading and installing remote packages.
Environment for /panfs/accrepfs.vampire/data/ruderferlab/projects/biovu/cnv/cre/CTCF-Variant-Annotation/snakemake/workflows/common/snp-selex/workflow/rules/../envs/snp-selex.yaml created (location: ../../../../../../../../../../../../../home/tubbsca/snakemake_condas/451e9b4fc947baa268fe7a385fb71f2b_)
Using shell: /usr/bin/bash
Provided cores: 12
Rules claiming more threads will be scaled down.
Job stats:
job                         count
------------------------  -------
all                             1
selex_add_oligo_bounds          2
selex_add_oligo_sequence        1
selex_add_profile_info          2
selex_combine_batches           1
selex_echo_targets              1
selex_filter_long_motifs        2
selex_flag_bound                1
selex_flag_pbvar                1
selex_format_batch_1            1
selex_format_batch_2            1
selex_install_datasets          1
selex_make_oligo_fasta          1
selex_sort_batch                2
selex_sort_targets              1
total                          19

Select jobs to execute...

[Tue Jan  9 11:54:50 2024]
Job 2: 
        Saves target list as tab delimited file
        
Reason: Missing output files: results/snp-selex/targets.txt; Software environment definition has changed since last execution

[Tue Jan  9 11:54:50 2024]
Job 12: 
        Download and upack selex data across both batches. 
        Batch_1 is original and batch_2 is novel.
        
Reason: Software environment definition has changed since last execution

Activating conda environment: ../../../../../../../../../../../../../home/tubbsca/snakemake_condas/451e9b4fc947baa268fe7a385fb71f2b_
Activating conda environment: ../../../../../../../../../../../../../home/tubbsca/snakemake_condas/451e9b4fc947baa268fe7a385fb71f2b_
Activating conda environment: ../../../../../../../../../../../../../home/tubbsca/snakemake_condas/451e9b4fc947baa268fe7a385fb71f2b_
[Tue Jan  9 11:54:52 2024]
Finished job 2.
1 of 19 steps (5%) done
Select jobs to execute...

[Tue Jan  9 11:54:52 2024]
Job 1: 
        Sorts target list under JOIN specs.
        
Reason: Input files updated by another job: results/snp-selex/targets.txt

Activating conda environment: ../../../../../../../../../../../../../home/tubbsca/snakemake_condas/451e9b4fc947baa268fe7a385fb71f2b_
[Tue Jan  9 11:54:52 2024]
Finished job 1.
2 of 19 steps (11%) done
Removing temporary output results/snp-selex/targets.txt.
[Tue Jan  9 11:54:57 2024]
Finished job 12.
3 of 19 steps (16%) done
Select jobs to execute...

[Tue Jan  9 11:54:57 2024]
Job 17: 
        Columns will be: tf, snp, oligo_auc, oligo_pval, pbs, pbs-pval, batch
        Notes:
        - tail removes header
        - vawk prints entire line, adds "novel" batch flag
        
Reason: Missing output files: results/snp-selex/format_batch_2.tsv; Input files updated by another job: resources/data/snp-selex/GSE118725_pbs.novel_batch.tsv


Activating conda environment: ../../../../../../../../../../../../../home/tubbsca/snakemake_condas/451e9b4fc947baa268fe7a385fb71f2b_
[Tue Jan  9 11:54:57 2024]
Job 11: 
        Columns will be: tf, snp, oligo_auc, oligo_pval, pbs, pbs-pval, batch
        Notes:
        - tail removes header
        - tr replaces :
        - vawk first split grabs TF from oligo ID
        - vawk gsub replace - in column 2
        - last vawk split formats oligo coords into vid to match novel batch format 
        
Reason: Missing output files: results/snp-selex/format_batch_1.tsv; Input files updated by another job: resources/data/snp-selex/GSE118725_pbs.obs_pval05.tsv

Activating conda environment: ../../../../../../../../../../../../../home/tubbsca/snakemake_condas/451e9b4fc947baa268fe7a385fb71f2b_
[Tue Jan  9 11:55:00 2024]
Finished job 17.
4 of 19 steps (21%) done
Select jobs to execute...

[Tue Jan  9 11:55:00 2024]
Job 16: 
        Alphabetical sort on TF common name, necessary for merging laters.
        Note: tr is to ensure proper tab delimited. 
        Sort param -k 1b,1 is from recommendation from join people
        
Reason: Missing output files: results/snp-selex/sorted_batch_2.tsv; Input files updated by another job: results/snp-selex/format_batch_2.tsv

Activating conda environment: ../../../../../../../../../../../../../home/tubbsca/snakemake_condas/451e9b4fc947baa268fe7a385fb71f2b_
[Tue Jan  9 11:55:07 2024]
Finished job 16.
5 of 19 steps (26%) done
Removing temporary output results/snp-selex/format_batch_2.tsv.
Select jobs to execute...

[Tue Jan  9 11:55:07 2024]
Job 15: 
        columns will be: tf, snp, oligo_auc, oligo_pval, pbs, pval, batch, profile, length_bp
        note inner merge;  to left merge add -a1 -e "." flag for join
        tr is to convert output to tab delim
        
Reason: Missing output files: results/snp-selex/add_profile_info_2.tsv; Input files updated by another job: results/snp-selex/targets.sorted.txt, results/snp-selex/sorted_batch_2.tsv

Activating conda environment: ../../../../../../../../../../../../../home/tubbsca/snakemake_condas/451e9b4fc947baa268fe7a385fb71f2b_
[Tue Jan  9 11:55:08 2024]
Finished job 11.
6 of 19 steps (32%) done
Select jobs to execute...

[Tue Jan  9 11:55:08 2024]
Job 10: 
        Alphabetical sort on TF common name, necessary for merging laters.
        Note: tr is to ensure proper tab delimited. 
        Sort param -k 1b,1 is from recommendation from join people
        
Reason: Missing output files: results/snp-selex/sorted_batch_1.tsv; Input files updated by another job: results/snp-selex/format_batch_1.tsv

Activating conda environment: ../../../../../../../../../../../../../home/tubbsca/snakemake_condas/451e9b4fc947baa268fe7a385fb71f2b_
[Tue Jan  9 11:55:09 2024]
Finished job 15.
7 of 19 steps (37%) done
Removing temporary output results/snp-selex/sorted_batch_2.tsv.
Select jobs to execute...

[Tue Jan  9 11:55:09 2024]
Job 14: 
        removes motifs that have PWM > 20
        
Reason: Missing output files: results/snp-selex/filter_long_motifs_2.tsv; Input files updated by another job: results/snp-selex/add_profile_info_2.tsv

Activating conda environment: ../../../../../../../../../../../../../home/tubbsca/snakemake_condas/451e9b4fc947baa268fe7a385fb71f2b_
[Tue Jan  9 11:55:10 2024]
Finished job 14.
8 of 19 steps (42%) done
Removing temporary output results/snp-selex/add_profile_info_2.tsv.
Select jobs to execute...

[Tue Jan  9 11:55:10 2024]
Job 13: 
        columns will be: tf, snp, oligo_auc, oligo_pval, pbs, pval, batch, profile, length_bp, oligo_chrm, oligo_lbound, oligo_rbound
        Note: the arithmetic on the right oligo bound...this is to ensure the variant can be inlucded in the sliding window.
        
Reason: Missing output files: results/snp-selex/add_oligo_bounds_2.tsv; Input files updated by another job: results/snp-selex/filter_long_motifs_2.tsv

Activating conda environment: ../../../../../../../../../../../../../home/tubbsca/snakemake_condas/451e9b4fc947baa268fe7a385fb71f2b_
[Tue Jan  9 11:55:10 2024]
Finished job 13.
9 of 19 steps (47%) done
Removing temporary output results/snp-selex/filter_long_motifs_2.tsv.
[Tue Jan  9 11:55:15 2024]
Finished job 10.
10 of 19 steps (53%) done
Removing temporary output results/snp-selex/format_batch_1.tsv.
Select jobs to execute...

[Tue Jan  9 11:55:15 2024]
Job 9: 
        columns will be: tf, snp, oligo_auc, oligo_pval, pbs, pval, batch, profile, length_bp
        note inner merge;  to left merge add -a1 -e "." flag for join
        tr is to convert output to tab delim
        
Reason: Missing output files: results/snp-selex/add_profile_info_1.tsv; Input files updated by another job: results/snp-selex/targets.sorted.txt, results/snp-selex/sorted_batch_1.tsv

Activating conda environment: ../../../../../../../../../../../../../home/tubbsca/snakemake_condas/451e9b4fc947baa268fe7a385fb71f2b_
[Tue Jan  9 11:55:19 2024]
Finished job 9.
11 of 19 steps (58%) done
Removing temporary output results/snp-selex/sorted_batch_1.tsv.
Select jobs to execute...

[Tue Jan  9 11:55:19 2024]
Job 8: 
        removes motifs that have PWM > 20
        
Reason: Missing output files: results/snp-selex/filter_long_motifs_1.tsv; Input files updated by another job: results/snp-selex/add_profile_info_1.tsv

Activating conda environment: ../../../../../../../../../../../../../home/tubbsca/snakemake_condas/451e9b4fc947baa268fe7a385fb71f2b_
[Tue Jan  9 11:55:19 2024]
Finished job 8.
12 of 19 steps (63%) done
Removing temporary output results/snp-selex/add_profile_info_1.tsv.
Select jobs to execute...

[Tue Jan  9 11:55:19 2024]
Job 7: 
        columns will be: tf, snp, oligo_auc, oligo_pval, pbs, pval, batch, profile, length_bp, oligo_chrm, oligo_lbound, oligo_rbound
        Note: the arithmetic on the right oligo bound...this is to ensure the variant can be inlucded in the sliding window.
        
Reason: Missing output files: results/snp-selex/add_oligo_bounds_1.tsv; Input files updated by another job: results/snp-selex/filter_long_motifs_1.tsv

Activating conda environment: ../../../../../../../../../../../../../home/tubbsca/snakemake_condas/451e9b4fc947baa268fe7a385fb71f2b_
[Tue Jan  9 11:55:20 2024]
Finished job 7.
13 of 19 steps (68%) done
Removing temporary output results/snp-selex/filter_long_motifs_1.tsv.
Select jobs to execute...

[Tue Jan  9 11:55:20 2024]
Job 6: 
        Combines data from both batches into single file.
        
Reason: Missing output files: results/snp-selex/combine_batches.tsv; Input files updated by another job: results/snp-selex/add_oligo_bounds_1.tsv, results/snp-selex/add_oligo_bounds_2.tsv

Activating conda environment: ../../../../../../../../../../../../../home/tubbsca/snakemake_condas/451e9b4fc947baa268fe7a385fb71f2b_
[Tue Jan  9 11:55:20 2024]
Finished job 6.
14 of 19 steps (74%) done
Select jobs to execute...

[Tue Jan  9 11:55:20 2024]
Job 5: 
        Adds flag for whether the REF allele is bound. OBS P-value < 0.05 from gvatDB.
        
Reason: Missing output files: results/snp-selex/snp-selex.combined.bound.tsv; Input files updated by another job: results/snp-selex/combine_batches.tsv

Activating conda environment: ../../../../../../../../../../../../../home/tubbsca/snakemake_condas/451e9b4fc947baa268fe7a385fb71f2b_
[Tue Jan  9 11:55:20 2024]
Finished job 5.
15 of 19 steps (79%) done
Removing temporary output results/snp-selex/combine_batches.tsv.
Select jobs to execute...

[Tue Jan  9 11:55:20 2024]
Job 4: 
        Adds flag for whether the variant in PB. PBS P-value < 0.01 from gvatDB.
        
Reason: Missing output files: results/snp-selex/snp-selex.combined.pbvar.tsv; Input files updated by another job: results/snp-selex/snp-selex.combined.bound.tsv

Activating conda environment: ../../../../../../../../../../../../../home/tubbsca/snakemake_condas/451e9b4fc947baa268fe7a385fb71f2b_
[Tue Jan  9 11:55:21 2024]
Finished job 4.
16 of 19 steps (84%) done
Removing temporary output results/snp-selex/snp-selex.combined.bound.tsv.
Select jobs to execute...

[Tue Jan  9 11:55:21 2024]
Job 18: 
        Note ID formatting for 4th column in BED
        
Reason: Missing output files: results/snp-selex/update/make_oligo_fasta.fa; Input files updated by another job: results/snp-selex/snp-selex.combined.pbvar.tsv

Activating conda environment: ../../../../../../../../../../../../../home/tubbsca/snakemake_condas/451e9b4fc947baa268fe7a385fb71f2b_
[Tue Jan  9 11:55:42 2024]
Finished job 18.
17 of 19 steps (89%) done
Select jobs to execute...

[Tue Jan  9 11:55:42 2024]
Job 3: 
        Adds oligo sequence from FASTA to matrix
        
Reason: Missing output files: results/snp-selex/update/snp-selex.combined.final.tsv; Input files updated by another job: results/snp-selex/update/make_oligo_fasta.fa, results/snp-selex/snp-selex.combined.pbvar.tsv

Activating conda environment: ../../../../../../../../../../../../../home/tubbsca/snakemake_condas/451e9b4fc947baa268fe7a385fb71f2b_
[Tue Jan  9 11:55:43 2024]
Error in rule selex_add_oligo_sequence:
    jobid: 3
    input: results/snp-selex/snp-selex.combined.pbvar.tsv, results/snp-selex/update/make_oligo_fasta.fa
    output: results/snp-selex/update/snp-selex.combined.final.tsv, results/snp-selex/update/sequences.tsv
    log: workflow/logs/add_oligo_sequence.stdout, workflow/logs/add_oligo_sequence.stderr (check log file(s) for error details)
    conda-env: /home/tubbsca/snakemake_condas/451e9b4fc947baa268fe7a385fb71f2b_
    shell:
        
        grep -v '>' results/snp-selex/update/make_oligo_fasta.fa > results/snp-selex/update/sequences.tsv &&
        paste results/snp-selex/snp-selex.combined.pbvar.tsv results/snp-selex/update/sequences.tsv -d $'	' > results/snp-selex/update/snp-selex.combined.final.tsv
        
        (one of the commands exited with non-zero exit code; note that snakemake uses bash strict mode!)

Removing output files of failed job selex_add_oligo_sequence since they might be corrupted:
results/snp-selex/update/sequences.tsv
Shutting down, this might take some time.
Exiting because a job execution failed. Look above for error message
Complete log: .snakemake/log/2024-01-09T115349.889635.snakemake.log
