Building DAG of jobs...
Your conda installation is not configured to use strict channel priorities. This is however crucial for having robust and correct environments (for details, see https://conda-forge.org/docs/user/tipsandtricks.html). Please consider to configure strict priorities by executing 'conda config --set channel_priority strict'.
Using shell: /usr/bin/bash
Provided cores: 12
Rules claiming more threads will be scaled down.
Job stats:
job                         count
------------------------  -------
all                             1
selex_add_oligo_bounds          2
selex_add_oligo_sequence        1
selex_add_profile_info          2
selex_combine_batches           1
selex_filter_long_motifs        2
selex_final_format              1
selex_flag_bound                1
selex_flag_pbvar                1
selex_format_batch_1            1
selex_format_batch_2            1
selex_make_oligo_fasta          1
selex_sort_batch                2
total                          17

Select jobs to execute...

[Tue Jan  9 14:06:00 2024]
Job 14: 
        Columns will be: tf, snp, oligo_auc, oligo_pval, pbs, pbs-pval, batch
        Notes:
        - tail removes header
        - tr replaces :
        - vawk first split grabs TF from oligo ID
        - vawk gsub replace - in column 2
        - last vawk split formats oligo coords into vid to match novel batch format 
        
Reason: Missing output files: results/snp-selex/format_batch_1.tsv

Activating conda environment: ../../../../../../../../../../../../../home/tubbsca/snakemake_condas/451e9b4fc947baa268fe7a385fb71f2b_

[Tue Jan  9 14:06:00 2024]
Job 20: 
        Columns will be: tf, snp, oligo_auc, oligo_pval, pbs, pbs-pval, batch
        Notes:
        - tail removes header
        - vawk prints entire line, adds "novel" batch flag
        
Reason: Missing output files: results/snp-selex/format_batch_2.tsv

Activating conda environment: ../../../../../../../../../../../../../home/tubbsca/snakemake_condas/451e9b4fc947baa268fe7a385fb71f2b_
[Tue Jan  9 14:06:05 2024]
Finished job 20.
1 of 17 steps (6%) done
Select jobs to execute...

[Tue Jan  9 14:06:05 2024]
Job 19: 
        Alphabetical sort on TF common name, necessary for merging laters.
        Note: tr is to ensure proper tab delimited. 
        Sort param -k 1b,1 is from recommendation from join people
        
Reason: Missing output files: results/snp-selex/sorted_batch_2.tsv; Input files updated by another job: results/snp-selex/format_batch_2.tsv

Activating conda environment: ../../../../../../../../../../../../../home/tubbsca/snakemake_condas/451e9b4fc947baa268fe7a385fb71f2b_
[Tue Jan  9 14:06:11 2024]
Finished job 19.
2 of 17 steps (12%) done
Removing temporary output results/snp-selex/format_batch_2.tsv.
Select jobs to execute...

[Tue Jan  9 14:06:11 2024]
Job 18: 
        columns will be: tf, snp, oligo_auc, oligo_pval, pbs, pval, batch, profile, length_bp
        note inner merge;  to left merge add -a1 -e "." flag for join
        tr is to convert output to tab delim
        
Reason: Missing output files: results/snp-selex/add_profile_info_2.tsv; Input files updated by another job: results/snp-selex/sorted_batch_2.tsv

Activating conda environment: ../../../../../../../../../../../../../home/tubbsca/snakemake_condas/451e9b4fc947baa268fe7a385fb71f2b_
[Tue Jan  9 14:06:14 2024]
Finished job 18.
3 of 17 steps (18%) done
Removing temporary output results/snp-selex/sorted_batch_2.tsv.
Select jobs to execute...

[Tue Jan  9 14:06:14 2024]
Job 17: 
        removes motifs that have PWM > 20
        
Reason: Missing output files: results/snp-selex/filter_long_motifs_2.tsv; Input files updated by another job: results/snp-selex/add_profile_info_2.tsv

Activating conda environment: ../../../../../../../../../../../../../home/tubbsca/snakemake_condas/451e9b4fc947baa268fe7a385fb71f2b_
[Tue Jan  9 14:06:15 2024]
Finished job 14.
4 of 17 steps (24%) done
Select jobs to execute...

[Tue Jan  9 14:06:15 2024]
Job 13: 
        Alphabetical sort on TF common name, necessary for merging laters.
        Note: tr is to ensure proper tab delimited. 
        Sort param -k 1b,1 is from recommendation from join people
        
Reason: Missing output files: results/snp-selex/sorted_batch_1.tsv; Input files updated by another job: results/snp-selex/format_batch_1.tsv

Activating conda environment: ../../../../../../../../../../../../../home/tubbsca/snakemake_condas/451e9b4fc947baa268fe7a385fb71f2b_
[Tue Jan  9 14:06:17 2024]
Finished job 17.
5 of 17 steps (29%) done
Removing temporary output results/snp-selex/add_profile_info_2.tsv.
Select jobs to execute...

[Tue Jan  9 14:06:17 2024]
Job 16: 
        columns will be: tf, snp, oligo_auc, oligo_pval, pbs, pval, batch, profile, length_bp, oligo_chrm, oligo_lbound, oligo_rbound
        Note: the arithmetic on the right oligo bound...this is to ensure the variant can be inlucded in the sliding window.
        
Reason: Missing output files: results/snp-selex/add_oligo_bounds_2.tsv; Input files updated by another job: results/snp-selex/filter_long_motifs_2.tsv

Activating conda environment: ../../../../../../../../../../../../../home/tubbsca/snakemake_condas/451e9b4fc947baa268fe7a385fb71f2b_
[Tue Jan  9 14:06:20 2024]
Finished job 16.
6 of 17 steps (35%) done
Removing temporary output results/snp-selex/filter_long_motifs_2.tsv.
[Tue Jan  9 14:06:21 2024]
Finished job 13.
7 of 17 steps (41%) done
Removing temporary output results/snp-selex/format_batch_1.tsv.
Select jobs to execute...

[Tue Jan  9 14:06:21 2024]
Job 12: 
        columns will be: tf, snp, oligo_auc, oligo_pval, pbs, pval, batch, profile, length_bp
        note inner merge;  to left merge add -a1 -e "." flag for join
        tr is to convert output to tab delim
        
Reason: Missing output files: results/snp-selex/add_profile_info_1.tsv; Input files updated by another job: results/snp-selex/sorted_batch_1.tsv

Activating conda environment: ../../../../../../../../../../../../../home/tubbsca/snakemake_condas/451e9b4fc947baa268fe7a385fb71f2b_
[Tue Jan  9 14:06:26 2024]
Finished job 12.
8 of 17 steps (47%) done
Removing temporary output results/snp-selex/sorted_batch_1.tsv.
Select jobs to execute...

[Tue Jan  9 14:06:26 2024]
Job 11: 
        removes motifs that have PWM > 20
        
Reason: Missing output files: results/snp-selex/filter_long_motifs_1.tsv; Input files updated by another job: results/snp-selex/add_profile_info_1.tsv

Activating conda environment: ../../../../../../../../../../../../../home/tubbsca/snakemake_condas/451e9b4fc947baa268fe7a385fb71f2b_
[Tue Jan  9 14:06:28 2024]
Finished job 11.
9 of 17 steps (53%) done
Removing temporary output results/snp-selex/add_profile_info_1.tsv.
Select jobs to execute...

[Tue Jan  9 14:06:28 2024]
Job 10: 
        columns will be: tf, snp, oligo_auc, oligo_pval, pbs, pval, batch, profile, length_bp, oligo_chrm, oligo_lbound, oligo_rbound
        Note: the arithmetic on the right oligo bound...this is to ensure the variant can be inlucded in the sliding window.
        
Reason: Missing output files: results/snp-selex/add_oligo_bounds_1.tsv; Input files updated by another job: results/snp-selex/filter_long_motifs_1.tsv

Activating conda environment: ../../../../../../../../../../../../../home/tubbsca/snakemake_condas/451e9b4fc947baa268fe7a385fb71f2b_
[Tue Jan  9 14:06:33 2024]
Finished job 10.
10 of 17 steps (59%) done
Removing temporary output results/snp-selex/filter_long_motifs_1.tsv.
Select jobs to execute...

[Tue Jan  9 14:06:33 2024]
Job 9: 
        Combines data from both batches into single file.
        
Reason: Missing output files: results/snp-selex/combine_batches.tsv; Input files updated by another job: results/snp-selex/add_oligo_bounds_2.tsv, results/snp-selex/add_oligo_bounds_1.tsv

Activating conda environment: ../../../../../../../../../../../../../home/tubbsca/snakemake_condas/451e9b4fc947baa268fe7a385fb71f2b_
[Tue Jan  9 14:06:33 2024]
Finished job 9.
11 of 17 steps (65%) done
Removing temporary output results/snp-selex/add_oligo_bounds_1.tsv.
Removing temporary output results/snp-selex/add_oligo_bounds_2.tsv.
Select jobs to execute...

[Tue Jan  9 14:06:33 2024]
Job 8: 
        Adds flag for whether the REF allele is bound. OBS P-value < 0.05 from gvatDB.
        
Reason: Missing output files: results/snp-selex/snp-selex.combined.bound.tsv; Input files updated by another job: results/snp-selex/combine_batches.tsv

Activating conda environment: ../../../../../../../../../../../../../home/tubbsca/snakemake_condas/451e9b4fc947baa268fe7a385fb71f2b_
[Tue Jan  9 14:06:38 2024]
Finished job 8.
12 of 17 steps (71%) done
Removing temporary output results/snp-selex/combine_batches.tsv.
Select jobs to execute...

[Tue Jan  9 14:06:38 2024]
Job 7: 
        Adds flag for whether the variant in PB. PBS P-value < 0.01 from gvatDB.
        
Reason: Missing output files: results/snp-selex/snp-selex.combined.pbvar.tsv; Input files updated by another job: results/snp-selex/snp-selex.combined.bound.tsv

Activating conda environment: ../../../../../../../../../../../../../home/tubbsca/snakemake_condas/451e9b4fc947baa268fe7a385fb71f2b_
[Tue Jan  9 14:06:43 2024]
Finished job 7.
13 of 17 steps (76%) done
Removing temporary output results/snp-selex/snp-selex.combined.bound.tsv.
Select jobs to execute...

[Tue Jan  9 14:06:43 2024]
Job 21: 
        Note ID formatting for 4th column in BED
        
Reason: Missing output files: results/snp-selex/make_oligo_fasta.fa; Input files updated by another job: results/snp-selex/snp-selex.combined.pbvar.tsv

Activating conda environment: ../../../../../../../../../../../../../home/tubbsca/snakemake_condas/451e9b4fc947baa268fe7a385fb71f2b_
[Tue Jan  9 14:11:58 2024]
Finished job 21.
14 of 17 steps (82%) done
Select jobs to execute...

[Tue Jan  9 14:11:58 2024]
Job 6: 
        Adds oligo sequence from FASTA to matrix
        
Reason: Missing output files: results/snp-selex/sequences.tsv; Input files updated by another job: results/snp-selex/snp-selex.combined.pbvar.tsv, results/snp-selex/make_oligo_fasta.fa

Activating conda environment: ../../../../../../../../../../../../../home/tubbsca/snakemake_condas/451e9b4fc947baa268fe7a385fb71f2b_
[Tue Jan  9 14:11:59 2024]
Finished job 6.
15 of 17 steps (88%) done
Removing temporary output results/snp-selex/snp-selex.combined.pbvar.tsv.
Removing temporary output results/snp-selex/make_oligo_fasta.fa.
Select jobs to execute...

[Tue Jan  9 14:11:59 2024]
Job 5: 
        Formats results to BED+
        
Reason: Missing output files: results/snp-selex/snp-selex.combined.final.hg38.bed; Input files updated by another job: results/snp-selex/sequences.tsv, results/snp-selex/snp-selex.combined.final.hg38.tsv

[Tue Jan  9 14:11:59 2024]
Error in rule selex_final_format:
    jobid: 5
    input: results/snp-selex/snp-selex.combined.final.hg38.tsv, results/snp-selex/sequences.tsv
    output: results/snp-selex/snp-selex.combined.final.hg38.bed
    log: workflow/logs/final_format.stdout, workflow/logs/final_format.stderr (check log file(s) for error details)
    conda-env: /home/tubbsca/snakemake_condas/451e9b4fc947baa268fe7a385fb71f2b_

RuleException:
WorkflowError in file /panfs/accrepfs.vampire/data/ruderferlab/projects/biovu/cnv/cre/CTCF-Variant-Annotation/snakemake/workflows/common/snp-selex/workflow/rules/selex.smk, line 416:
Failed to open source file /panfs/accrepfs.vampire/data/ruderferlab/projects/biovu/cnv/cre/CTCF-Variant-Annotation/snakemake/workflows/common/snp-selex/workflow/rules/../format.py
FileNotFoundError: [Errno 2] No such file or directory: '/panfs/accrepfs.vampire/data/ruderferlab/projects/biovu/cnv/cre/CTCF-Variant-Annotation/snakemake/workflows/common/snp-selex/workflow/rules/../format.py'
  File "/panfs/accrepfs.vampire/data/ruderferlab/projects/biovu/cnv/cre/CTCF-Variant-Annotation/snakemake/workflows/common/snp-selex/workflow/rules/selex.smk", line 416, in __rule_final_format
  File "/accre/arch/easybuild/software/BinDist/Anaconda3/2022.05/lib/python3.9/concurrent/futures/thread.py", line 58, in run
Shutting down, this might take some time.
Exiting because a job execution failed. Look above for error message
Complete log: .snakemake/log/2024-01-09T140555.346818.snakemake.log
